Session ID: 240518185148, Date & Time:<START> :18-05-2024 18:51:48

Log Operating System	windows	Locale	ru_RU	Version	2.1.0 (Beta-3)
Index	Device	Input	Start_time	Start_clock	End_Time	End_clock	Event_time	Pause_time	Pause_location	Caret_position	Anchor_position	Mouse_x	Mouse_y	Selected_text	Replaced_text	Gene_type
0	<MOUSE>	<PRIMARY>	0	00:00:00	211	00:00:00	211	1031	initial	0	0	70	36			navigate
1	<KEYBOARD>	SHIFT	10199	00:00:10	10684	00:00:10	485	9988	unknown	0	0					unknown
2	<KEYBOARD>	С	10555	00:00:10	10629	00:00:10	74	356	sentence beginning	0	0					append
3	<KEYBOARD>	м	11485	00:00:11	11614	00:00:11	129	856	unknown	1	1					append
4	<KEYBOARD>	о	12158	00:00:12	12232	00:00:12	74	544	unknown	2	2					append
5	<KEYBOARD>	т	12366	00:00:12	12435	00:00:12	69	134	unknown	3	3					append
6	<KEYBOARD>	р	12577	00:00:12	12630	00:00:12	53	142	unknown	4	4					append
7	<KEYBOARD>	я	13475	00:00:13	13571	00:00:13	96	845	unknown	5	5					append
8	<KEYBOARD>	SPACE	13670	00:00:13	13744	00:00:13	74	99	unknown	6	6					append
9	<KEYBOARD>	в	13843	00:00:13	13955	00:00:13	112	99	unknown	7	7					append
10	<KEYBOARD>	SPACE	14048	00:00:14	14121	00:00:14	73	93	unknown	8	8					append
11	<KEYBOARD>	о	14447	00:00:14	14514	00:00:14	67	326	unknown	9	9					append
12	<KEYBOARD>	к	14664	00:00:14	14757	00:00:14	93	150	unknown	10	10					append
13	<KEYBOARD>	н	15087	00:00:15	15126	00:00:15	39	330	unknown	11	11					append
14	<KEYBOARD>	о	15294	00:00:15	15340	00:00:15	46	168	unknown	12	12					append
15	<KEYBOARD>	SPACE	15599	00:00:15	15678	00:00:15	79	259	unknown	13	13					append
16	<KEYBOARD>	м	15853	00:00:15	15951	00:00:15	98	175	unknown	14	14					append
17	<KEYBOARD>	о	16931	00:00:16	16959	00:00:16	28	980	unknown	15	15					append
18	<KEYBOARD>	ж	17493	00:00:17	17546	00:00:17	53	534	unknown	16	16					append
19	<KEYBOARD>	н	17835	00:00:17	17885	00:00:17	50	289	unknown	17	17					append
20	<KEYBOARD>	о	18189	00:00:18	18239	00:00:18	50	304	unknown	18	18					append
21	<KEYBOARD>	SPACE	18393	00:00:18	18459	00:00:18	66	154	unknown	19	19					append
22	<KEYBOARD>	у	18785	00:00:18	18895	00:00:18	110	326	unknown	20	20					append
23	<KEYBOARD>	в	20785	00:00:20	20930	00:00:20	145	1890	unknown	21	21					append
24	<KEYBOARD>	и	21077	00:00:21	21129	00:00:21	52	147	unknown	22	22					append
25	<KEYBOARD>	д	21677	00:00:21	21740	00:00:21	63	548	unknown	23	23					append
26	<KEYBOARD>	е	21874	00:00:21	21969	00:00:21	95	134	unknown	24	24					append
27	<KEYBOARD>	т	22111	00:00:22	22167	00:00:22	56	142	unknown	25	25					append
28	<KEYBOARD>	ь	22373	00:00:22	22434	00:00:22	61	206	unknown	26	26					append
29	<KEYBOARD>	SPACE	22576	00:00:22	22640	00:00:22	64	142	unknown	27	27					append
30	<KEYBOARD>	м	22960	00:00:22	23095	00:00:23	135	320	unknown	28	28					append
31	<KEYBOARD>	н	23207	00:00:23	23260	00:00:23	53	112	unknown	29	29					append
32	<KEYBOARD>	о	23431	00:00:23	23480	00:00:23	49	171	unknown	30	30					append
33	<KEYBOARD>	г	23769	00:00:23	23836	00:00:23	67	289	unknown	31	31					append
34	<KEYBOARD>	о	24178	00:00:24	24230	00:00:24	52	342	unknown	32	32					append
35	<KEYBOARD>	SPACE	24485	00:00:24	24572	00:00:24	87	255	unknown	33	33					append
36	<KEYBOARD>	и	26660	00:00:26	26717	00:00:26	57	2088	unknown	34	34					append
37	<KEYBOARD>	н	26892	00:00:26	26954	00:00:26	62	175	unknown	35	35					append
38	<KEYBOARD>	т	27271	00:00:27	27333	00:00:27	62	317	unknown	36	36					append
39	<KEYBOARD>	е	27475	00:00:27	27551	00:00:27	76	142	unknown	37	37					append
40	<KEYBOARD>	р	27635	00:00:27	27696	00:00:27	61	84	unknown	38	38					append
41	<KEYBOARD>	е	27769	00:00:27	27825	00:00:27	56	73	unknown	39	39					append
42	<KEYBOARD>	с	28133	00:00:28	28203	00:00:28	70	308	unknown	40	40					append
43	<KEYBOARD>	н	28376	00:00:28	28424	00:00:28	48	173	unknown	41	41					append
44	<KEYBOARD>	о	28587	00:00:28	28648	00:00:28	61	163	unknown	42	42					append
45	<KEYBOARD>	г	28805	00:00:28	28857	00:00:28	52	157	unknown	43	43					append
46	<KEYBOARD>	о	29010	00:00:29	29059	00:00:29	49	153	unknown	44	44					append
47	<KEYBOARD>	.	29614	00:00:29	29666	00:00:29	52	555	sentence end	45	45					append
48	<KEYBOARD>	SPACE	29858	00:00:29	29918	00:00:29	60	192	between sentence	46	46					append
49	<KEYBOARD>	SHIFT	31350	00:00:31	31878	00:00:31	528	1432	unknown	47	47					unknown
50	<KEYBOARD>	В	31781	00:00:31	31849	00:00:31	68	431	unknown	47	47					append
51	<KEYBOARD>	и	32823	00:00:32	32942	00:00:32	119	974	unknown	48	48					append
52	<KEYBOARD>	д	33323	00:00:33	33426	00:00:33	103	381	unknown	49	49					append
53	<KEYBOARD>	SPACE	33765	00:00:33	33830	00:00:33	65	339	unknown	50	50					append
54	<KEYBOARD>	и	34350	00:00:34	34450	00:00:34	100	520	unknown	51	51					append
55	<KEYBOARD>	з	34814	00:00:34	34876	00:00:34	62	364	unknown	52	52					append
56	<KEYBOARD>	SPACE	35033	00:00:35	35159	00:00:35	126	157	unknown	53	53					append
57	<KEYBOARD>	о	35507	00:00:35	35564	00:00:35	57	348	unknown	54	54					append
58	<KEYBOARD>	к	35787	00:00:35	35875	00:00:35	88	223	unknown	55	55					append
59	<KEYBOARD>	н	36090	00:00:36	36152	00:00:36	62	215	unknown	56	56					append
60	<KEYBOARD>	а	36470	00:00:36	36554	00:00:36	84	318	unknown	57	57					append
61	<KEYBOARD>	SPACE	36706	00:00:36	36775	00:00:36	69	152	unknown	58	58					append
62	<KEYBOARD>	м	36960	00:00:36	37042	00:00:37	82	185	unknown	59	59					append
63	<KEYBOARD>	о	37952	00:00:37	38008	00:00:38	56	910	unknown	60	60					append
64	<KEYBOARD>	е	38260	00:00:38	38314	00:00:38	54	252	unknown	61	61					append
65	<KEYBOARD>	й	38680	00:00:38	38774	00:00:38	94	366	unknown	62	62					append
66	<KEYBOARD>	SPACE	38945	00:00:38	39029	00:00:39	84	171	unknown	63	63					append
67	<KEYBOARD>	к	39213	00:00:39	39288	00:00:39	75	184	unknown	64	64					append
68	<KEYBOARD>	в	39537	00:00:39	39612	00:00:39	75	249	unknown	65	65					append
69	<KEYBOARD>	а	39755	00:00:39	39833	00:00:39	78	143	unknown	66	66					append
70	<KEYBOARD>	р	40175	00:00:40	40226	00:00:40	51	342	unknown	67	67					append
71	<KEYBOARD>	т	40385	00:00:40	40456	00:00:40	71	159	unknown	68	68					append
72	<KEYBOARD>	и	40608	00:00:40	40674	00:00:40	66	152	unknown	69	69					append
73	<KEYBOARD>	р	41201	00:00:41	41233	00:00:41	32	527	unknown	70	70					append
74	<KEYBOARD>	ы	42670	00:00:42	42801	00:00:42	131	1437	unknown	71	71					append
75	<KEYBOARD>	SPACE	43019	00:00:43	43094	00:00:43	75	218	unknown	72	72					append
76	<KEYBOARD>	п	43609	00:00:43	43710	00:00:43	101	515	unknown	73	73					append
77	<KEYBOARD>	р	43764	00:00:43	43827	00:00:43	63	54	unknown	74	74					append
78	<KEYBOARD>	о	43987	00:00:43	44067	00:00:44	80	160	unknown	75	75					append
79	<KEYBOARD>	с	44199	00:00:44	44279	00:00:44	80	132	unknown	76	76					append
80	<KEYBOARD>	т	44433	00:00:44	44486	00:00:44	53	154	unknown	77	77					append
81	<KEYBOARD>	о	44627	00:00:44	44677	00:00:44	50	141	unknown	78	78					append
82	<KEYBOARD>	SPACE	44849	00:00:44	44928	00:00:44	79	172	unknown	79	79					append
83	<KEYBOARD>	в	45074	00:00:45	45182	00:00:45	108	146	unknown	80	80					append
84	<KEYBOARD>	е	45348	00:00:45	45437	00:00:45	89	166	unknown	81	81					append
85	<KEYBOARD>	л	45825	00:00:45	45912	00:00:45	87	388	unknown	82	82					append
86	<KEYBOARD>	и	47008	00:00:47	47093	00:00:47	85	1096	unknown	83	83					append
87	<KEYBOARD>	к	48145	00:00:48	48249	00:00:48	104	1052	unknown	84	84					append
88	<KEYBOARD>	о	48414	00:00:48	48469	00:00:48	55	165	unknown	85	85					append
89	<KEYBOARD>	л	48630	00:00:48	48728	00:00:48	98	161	unknown	86	86					append
90	<KEYBOARD>	е	48805	00:00:48	48912	00:00:48	107	77	unknown	87	87					append
91	<KEYBOARD>	п	50081	00:00:50	50138	00:00:50	57	1169	unknown	88	88					append
92	<KEYBOARD>	н	50290	00:00:50	50353	00:00:50	63	152	unknown	89	89					append
93	<KEYBOARD>	ы	50840	00:00:50	50906	00:00:50	66	487	unknown	90	90					append
94	<KEYBOARD>	й	51035	00:00:51	51107	00:00:51	72	129	unknown	91	91					append
95	<KEYBOARD>	SHIFT	51487	00:00:51	52267	00:00:52	780	380	unknown	92	92					unknown
96	<KEYBOARD>	,	52150	00:00:52	52150	00:00:52	50	50	unknown	92	92					append
97	<KEYBOARD>	SPACE	52458	00:00:52	52519	00:00:52	61	308	between words	93	93					append
98	<KEYBOARD>	м	53434	00:00:53	53545	00:00:53	111	915	unknown	94	94					append
99	<KEYBOARD>	о	53647	00:00:53	53722	00:00:53	75	102	unknown	95	95					append
100	<KEYBOARD>	ж	54711	00:00:54	54784	00:00:54	73	989	unknown	96	96					append
101	<KEYBOARD>	н	55782	00:00:55	55839	00:00:55	57	998	unknown	97	97					append
102	<KEYBOARD>	о	55983	00:00:55	56041	00:00:56	58	144	unknown	98	98					append
103	<KEYBOARD>	SPACE	56184	00:00:56	56260	00:00:56	76	143	unknown	99	99					append
104	<KEYBOARD>	д	56735	00:00:56	56797	00:00:56	62	475	unknown	100	100					append
105	<KEYBOARD>	о	56959	00:00:56	57013	00:00:57	54	162	unknown	101	101					append
106	<KEYBOARD>	л	57153	00:00:57	57218	00:00:57	65	140	unknown	102	102					append
107	<KEYBOARD>	г	57385	00:00:57	57446	00:00:57	61	167	unknown	103	103					append
108	<KEYBOARD>	о	58388	00:00:58	58468	00:00:58	80	942	unknown	104	104					append
109	<KEYBOARD>	SPACE	58757	00:00:58	58841	00:00:58	84	289	unknown	105	105					append
110	<KEYBOARD>	с	59295	00:00:59	59365	00:00:59	70	454	unknown	106	106					append
111	<KEYBOARD>	т	59470	00:00:59	59533	00:00:59	63	105	unknown	107	107					append
112	<KEYBOARD>	о	59663	00:00:59	59732	00:00:59	69	130	unknown	108	108					append
113	<KEYBOARD>	я	59843	00:00:59	59937	00:00:59	94	111	unknown	109	109					append
114	<KEYBOARD>	т	60217	00:01:00	60264	00:01:00	47	280	unknown	110	110					append
115	<KEYBOARD>	ь	60410	00:01:00	60500	00:01:00	90	146	unknown	111	111					append
116	<KEYBOARD>	SPACE	60641	00:01:00	60729	00:01:00	88	141	unknown	112	112					append
117	<KEYBOARD>	и	62518	00:01:02	62596	00:01:02	78	1789	unknown	113	113					append
118	<KEYBOARD>	SPACE	62717	00:01:02	62828	00:01:02	111	121	unknown	114	114					append
119	<KEYBOARD>	п	64396	00:01:04	64464	00:01:04	68	1568	unknown	115	115					append
120	<KEYBOARD>	р	64540	00:01:04	64616	00:01:04	76	76	unknown	116	116					append
121	<KEYBOARD>	о	64717	00:01:04	64811	00:01:04	94	101	unknown	117	117					append
122	<KEYBOARD>	с	64915	00:01:04	65009	00:01:05	94	104	unknown	118	118					append
123	<KEYBOARD>	т	65110	00:01:05	65159	00:01:05	49	101	unknown	119	119					append
124	<KEYBOARD>	о	65285	00:01:05	65356	00:01:05	71	126	unknown	120	120					append
125	<KEYBOARD>	SPACE	65524	00:01:05	65596	00:01:05	72	168	unknown	121	121					append
126	<KEYBOARD>	н	66325	00:01:06	66376	00:01:06	51	729	unknown	122	122					append
127	<KEYBOARD>	а	66492	00:01:06	66586	00:01:06	94	116	unknown	123	123					append
128	<KEYBOARD>	б	67865	00:01:07	67930	00:01:07	65	1279	unknown	124	124					append
129	<KEYBOARD>	л	68056	00:01:08	68121	00:01:08	65	126	unknown	125	125					append
130	<KEYBOARD>	ю	68923	00:01:08	68988	00:01:08	65	802	unknown	126	126					append
131	<KEYBOARD>	д	69160	00:01:09	69240	00:01:09	80	172	unknown	127	127					append
132	<KEYBOARD>	а	69403	00:01:09	69512	00:01:09	109	163	unknown	128	128					append
133	<KEYBOARD>	т	69991	00:01:09	70077	00:01:10	86	479	unknown	129	129					append
134	<KEYBOARD>	ь	70255	00:01:10	70346	00:01:10	91	178	unknown	130	130					append
135	<KEYBOARD>	SPACE	70930	00:01:10	71000	00:01:11	70	584	unknown	131	131					append
136	<KEYBOARD>	з	71635	00:01:11	71728	00:01:11	93	635	unknown	132	132					append
137	<KEYBOARD>	а	72082	00:01:12	72153	00:01:12	71	354	unknown	133	133					append
138	<KEYBOARD>	SPACE	72271	00:01:12	72354	00:01:12	83	118	unknown	134	134					append
139	<KEYBOARD>	в	72449	00:01:12	72540	00:01:12	91	95	unknown	135	135					append
140	<KEYBOARD>	с	75675	00:01:15	75770	00:01:15	95	3135	unknown	136	136					append
141	<KEYBOARD>	е	76199	00:01:16	76289	00:01:16	90	429	unknown	137	137					append
142	<KEYBOARD>	м	76414	00:01:16	76507	00:01:16	93	125	unknown	138	138					append
143	<KEYBOARD>	SPACE	77556	00:01:17	77649	00:01:17	93	1049	unknown	139	139					append
144	<KEYBOARD>	п	79133	00:01:19	79196	00:01:19	63	1484	unknown	140	140					append
145	<KEYBOARD>	р	79332	00:01:19	79386	00:01:19	54	136	unknown	141	141					append
146	<KEYBOARD>	о	79518	00:01:19	79577	00:01:19	59	132	unknown	142	142					append
147	<KEYBOARD>	и	79755	00:01:19	79818	00:01:19	63	178	unknown	143	143					append
148	<KEYBOARD>	с	80034	00:01:20	80082	00:01:20	48	216	unknown	144	144					append
149	<KEYBOARD>	х	80725	00:01:20	80770	00:01:20	45	643	unknown	145	145					append
150	<KEYBOARD>	о	81011	00:01:21	81055	00:01:21	44	241	unknown	146	146					append
151	<KEYBOARD>	д	81486	00:01:21	81547	00:01:21	61	431	unknown	147	147					append
152	<KEYBOARD>	я	81779	00:01:21	81861	00:01:21	82	232	unknown	148	148					append
153	<KEYBOARD>	щ	82786	00:01:22	82840	00:01:22	54	925	unknown	149	149					append
154	<KEYBOARD>	и	83159	00:01:23	83227	00:01:23	68	319	unknown	150	150					append
155	<KEYBOARD>	м	83356	00:01:23	83459	00:01:23	103	129	unknown	151	151					append
156	<KEYBOARD>	SPACE	83540	00:01:23	83610	00:01:23	70	81	unknown	152	152					append
157	<KEYBOARD>	в	83705	00:01:23	83824	00:01:23	119	95	unknown	153	153					append
158	<KEYBOARD>	о	84059	00:01:24	84124	00:01:24	65	235	unknown	154	154					append
159	<KEYBOARD>	к	84271	00:01:24	84380	00:01:24	109	147	unknown	155	155					append
160	<KEYBOARD>	р	84591	00:01:24	84658	00:01:24	67	211	unknown	156	156					append
161	<KEYBOARD>	у	85039	00:01:25	85102	00:01:25	63	381	unknown	157	157					append
162	<KEYBOARD>	г	85586	00:01:25	85633	00:01:25	47	484	unknown	158	158					append
163	<KEYBOARD>	.	86161	00:01:26	86204	00:01:26	43	528	sentence end	159	159					append
164	<KEYBOARD>	SPACE	86389	00:01:26	86454	00:01:26	65	185	between sentence	160	160					append
165	<KEYBOARD>	SHIFT	88186	00:01:28	89063	00:01:29	877	1732	unknown	161	161					unknown
166	<KEYBOARD>	О	88991	00:01:28	89050	00:01:29	59	805	unknown	161	161					append
167	<KEYBOARD>	д	89417	00:01:29	89477	00:01:29	60	367	unknown	162	162					append
168	<KEYBOARD>	н	89689	00:01:29	89740	00:01:29	51	212	unknown	163	163					append
169	<KEYBOARD>	о	90029	00:01:30	90107	00:01:30	78	289	unknown	164	164					append
170	<KEYBOARD>	SPACE	90285	00:01:30	90383	00:01:30	98	178	unknown	165	165					append
171	<KEYBOARD>	т	90509	00:01:30	90590	00:01:30	81	126	unknown	166	166					append
172	<KEYBOARD>	BACK_SPACE	91296	00:01:31	91387	00:01:31	91	706	delete	166	166					delete
173	<KEYBOARD>	и	91566	00:01:31	91652	00:01:31	86	179	unknown	166	166					append
174	<KEYBOARD>	х	92018	00:01:32	92077	00:01:32	59	366	unknown	167	167					append
175	<KEYBOARD>	BACK_SPACE	92693	00:01:32	92771	00:01:32	78	616	delete	167	167					delete
176	<KEYBOARD>	з	92928	00:01:32	92991	00:01:32	63	157	unknown	167	167					append
177	<KEYBOARD>	SPACE	93335	00:01:33	93411	00:01:33	76	344	unknown	168	168					append
178	<KEYBOARD>	о	93779	00:01:33	93847	00:01:33	68	368	unknown	169	169					append
179	<KEYBOARD>	к	94080	00:01:34	94181	00:01:34	101	233	unknown	170	170					append
180	<KEYBOARD>	о	94221	00:01:34	94292	00:01:34	71	40	unknown	171	171					append
181	<KEYBOARD>	н	94467	00:01:34	94533	00:01:34	66	175	unknown	172	172					append
182	<KEYBOARD>	SPACE	96154	00:01:36	96261	00:01:36	107	1621	unknown	173	173					append
183	<KEYBOARD>	в	102033	00:01:42	102103	00:01:42	70	5772	unknown	174	174					append
184	<KEYBOARD>	ы	102238	00:01:42	102333	00:01:42	95	135	unknown	175	175					append
185	<KEYBOARD>	х	102688	00:01:42	102746	00:01:42	58	355	unknown	176	176					append
186	<KEYBOARD>	о	103234	00:01:43	103278	00:01:43	44	488	unknown	177	177					append
187	<KEYBOARD>	д	103692	00:01:43	103737	00:01:43	45	414	unknown	178	178					append
188	<KEYBOARD>	и	105770	00:01:45	105863	00:01:45	93	2033	unknown	179	179					append
189	<KEYBOARD>	т	109178	00:01:49	109251	00:01:49	73	3315	unknown	180	180					append
190	<KEYBOARD>	SPACE	109385	00:01:49	109492	00:01:49	107	134	unknown	181	181					append
191	<KEYBOARD>	н	110444	00:01:50	110506	00:01:50	62	952	unknown	182	182					append
192	<KEYBOARD>	а	110666	00:01:50	110762	00:01:50	96	160	unknown	183	183					append
193	<KEYBOARD>	SPACE	110801	00:01:50	110876	00:01:50	75	39	unknown	184	184					append
194	<KEYBOARD>	н	111053	00:01:51	111144	00:01:51	91	177	unknown	185	185					append
195	<KEYBOARD>	е	111242	00:01:51	111309	00:01:51	67	98	unknown	186	186					append
196	<KEYBOARD>	б	111916	00:01:51	111979	00:01:51	63	607	unknown	187	187					append
197	<KEYBOARD>	о	112133	00:01:52	112182	00:01:52	49	154	unknown	188	188					append
198	<KEYBOARD>	л	112321	00:01:52	112372	00:01:52	51	139	unknown	189	189					append
199	<KEYBOARD>	ь	112485	00:01:52	112577	00:01:52	92	113	unknown	190	190					append
200	<KEYBOARD>	ш	113235	00:01:53	113295	00:01:53	60	658	unknown	191	191					append
201	<KEYBOARD>	о	113435	00:01:53	113499	00:01:53	64	140	unknown	192	192					append
202	<KEYBOARD>	й	113781	00:01:53	113857	00:01:53	76	282	unknown	193	193					append
203	<KEYBOARD>	SPACE	113967	00:01:53	114026	00:01:54	59	110	unknown	194	194					append
204	<KEYBOARD>	л	114455	00:01:54	114531	00:01:54	76	429	unknown	195	195					append
205	<KEYBOARD>	е	114781	00:01:54	114852	00:01:54	71	250	unknown	196	196					append
206	<KEYBOARD>	с	115214	00:01:55	115295	00:01:55	81	362	unknown	197	197					append
207	<KEYBOARD>	о	115411	00:01:55	115473	00:01:55	62	116	unknown	198	198					append
208	<KEYBOARD>	к	115696	00:01:55	115777	00:01:55	81	223	unknown	199	199					append
209	<KEYBOARD>	SPACE	115890	00:01:55	115961	00:01:55	71	113	unknown	200	200					append
210	<KEYBOARD>	BACK_SPACE	119838	00:01:59	119913	00:01:59	75	3877	delete	200	200					delete
211	<KEYBOARD>	SHIFT	120383	00:02:00	120764	00:02:00	381	470	between words	200	200					unknown
212	<KEYBOARD>	,	120612	00:02:00	120612	00:02:00	50	50	unknown	200	200					append
213	<KEYBOARD>	к	121773	00:02:01	121898	00:02:01	125	1161	unknown	201	201					append
214	<KEYBOARD>	BACK_SPACE	122816	00:02:02	122890	00:02:02	74	918	delete	201	201					delete
215	<KEYBOARD>	SPACE	123186	00:02:03	123335	00:02:03	149	296	between words	201	201					append
216	<KEYBOARD>	к	123607	00:02:03	123660	00:02:03	53	272	unknown	202	202					append
217	<KEYBOARD>	о	123752	00:02:03	123805	00:02:03	53	92	unknown	203	203					append
218	<KEYBOARD>	т	123934	00:02:03	124027	00:02:04	93	129	unknown	204	204					append
219	<KEYBOARD>	о	124149	00:02:04	124202	00:02:04	53	122	unknown	205	205					append
220	<KEYBOARD>	р	124348	00:02:04	124421	00:02:04	73	146	unknown	206	206					append
221	<KEYBOARD>	ы	124623	00:02:04	124715	00:02:04	92	202	unknown	207	207					append
222	<KEYBOARD>	й	124880	00:02:04	125022	00:02:05	142	165	unknown	208	208					append
223	<KEYBOARD>	SPACE	126654	00:02:06	126747	00:02:06	93	1632	unknown	209	209					append
224	<KEYBOARD>	с	132471	00:02:12	132559	00:02:12	88	5724	unknown	210	210					append
225	<KEYBOARD>	SPACE	132672	00:02:12	132784	00:02:12	112	113	unknown	211	211					append
226	<KEYBOARD>	п	133110	00:02:13	133163	00:02:13	53	326	unknown	212	212					append
227	<KEYBOARD>	р	133286	00:02:13	133343	00:02:13	57	123	unknown	213	213					append
228	<KEYBOARD>	и	133453	00:02:13	133522	00:02:13	69	110	unknown	214	214					append
229	<KEYBOARD>	х	133981	00:02:13	134026	00:02:14	45	459	unknown	215	215					append
230	<KEYBOARD>	о	134514	00:02:14	134555	00:02:14	41	488	unknown	216	216					append
231	<KEYBOARD>	д	134951	00:02:14	135005	00:02:15	54	396	unknown	217	217					append
232	<KEYBOARD>	о	135376	00:02:15	135436	00:02:15	60	371	unknown	218	218					append
233	<KEYBOARD>	м	135735	00:02:15	135784	00:02:15	49	299	unknown	219	219					append
234	<KEYBOARD>	SPACE	135904	00:02:15	135988	00:02:15	84	120	unknown	220	220					append
235	<KEYBOARD>	в	136075	00:02:16	136164	00:02:16	89	87	unknown	221	221					append
236	<KEYBOARD>	е	136338	00:02:16	136410	00:02:16	72	174	unknown	222	222					append
237	<KEYBOARD>	с	136698	00:02:16	136772	00:02:16	74	288	unknown	223	223					append
238	<KEYBOARD>	н	137642	00:02:17	137742	00:02:17	100	870	unknown	224	224					append
239	<KEYBOARD>	ы	138124	00:02:18	138255	00:02:18	131	382	unknown	225	225					append
240	<KEYBOARD>	SPACE	138563	00:02:18	138688	00:02:18	125	308	unknown	226	226					append
241	<KEYBOARD>	с	142842	00:02:22	142924	00:02:22	82	4154	unknown	227	227					append
242	<KEYBOARD>	т	143149	00:02:23	143240	00:02:23	91	225	unknown	228	228					append
243	<KEYBOARD>	а	143530	00:02:23	143608	00:02:23	78	290	unknown	229	229					append
244	<KEYBOARD>	н	143748	00:02:23	143797	00:02:23	49	140	unknown	230	230					append
245	<KEYBOARD>	о	143963	00:02:23	144041	00:02:24	78	166	unknown	231	231					append
246	<KEYBOARD>	в	144284	00:02:24	144361	00:02:24	77	243	unknown	232	232					append
247	<KEYBOARD>	и	144699	00:02:24	144747	00:02:24	48	338	unknown	233	233					append
248	<KEYBOARD>	т	144887	00:02:24	144971	00:02:24	84	140	unknown	234	234					append
249	<KEYBOARD>	с	145452	00:02:25	145517	00:02:25	65	481	unknown	235	235					append
250	<KEYBOARD>	я	145592	00:02:25	145678	00:02:25	86	75	unknown	236	236					append
251	<KEYBOARD>	SPACE	145774	00:02:25	145845	00:02:25	71	96	unknown	237	237					append
252	<KEYBOARD>	н	146176	00:02:26	146224	00:02:26	48	331	unknown	238	238					append
253	<KEYBOARD>	е	146348	00:02:26	146411	00:02:26	63	124	unknown	239	239					append
254	<KEYBOARD>	в	146565	00:02:26	146627	00:02:26	62	154	unknown	240	240					append
255	<KEYBOARD>	е	146730	00:02:26	146782	00:02:26	52	103	unknown	241	241					append
256	<KEYBOARD>	р	147018	00:02:27	147065	00:02:27	47	236	unknown	242	242					append
257	<KEYBOARD>	о	147198	00:02:27	147271	00:02:27	73	133	unknown	243	243					append
258	<KEYBOARD>	я	147666	00:02:27	147742	00:02:27	76	395	unknown	244	244					append
259	<KEYBOARD>	т	148155	00:02:28	148219	00:02:28	64	413	unknown	245	245					append
260	<KEYBOARD>	н	148394	00:02:28	148454	00:02:28	60	175	unknown	246	246					append
261	<KEYBOARD>	о	149425	00:02:29	149532	00:02:29	107	971	unknown	247	247					append
262	<KEYBOARD>	SPACE	151652	00:02:31	151759	00:02:31	107	2120	unknown	248	248					append
263	<KEYBOARD>	к	152332	00:02:32	152390	00:02:32	58	573	unknown	249	249					append
264	<KEYBOARD>	п	153231	00:02:33	153294	00:02:33	63	841	unknown	250	250					append
265	<KEYBOARD>	а	153437	00:02:33	153501	00:02:33	64	143	unknown	251	251					append
266	<KEYBOARD>	с	153849	00:02:33	153908	00:02:33	59	348	unknown	252	252					append
267	<KEYBOARD>	и	154152	00:02:34	154210	00:02:34	58	244	unknown	253	253					append
268	<KEYBOARD>	в	154569	00:02:34	154650	00:02:34	81	359	unknown	254	254					append
269	<KEYBOARD>	ы	154795	00:02:34	154919	00:02:34	124	145	unknown	255	255					append
270	<KEYBOARD>	м	157056	00:02:37	157120	00:02:37	64	2137	unknown	256	256					append
271	<KEYBOARD>	SHIFT	157370	00:02:37	158141	00:02:38	771	250	unknown	257	257					unknown
272	<KEYBOARD>	,	157990	00:02:37	157990	00:02:37	50	50	unknown	257	257					append
273	<KEYBOARD>	SPACE	158327	00:02:38	158407	00:02:38	80	337	between words	258	258					append
274	<KEYBOARD>	т	161452	00:02:41	161515	00:02:41	63	3045	unknown	259	259					append
275	<KEYBOARD>	BACK_SPACE	162097	00:02:42	162194	00:02:42	97	582	delete	259	259					delete
276	<KEYBOARD>	BACK_SPACE	162316	00:02:42	162405	00:02:42	89	122	delete	258	258					delete
277	<KEYBOARD>	BACK_SPACE	162705	00:02:42	162774	00:02:42	69	300	delete	257	257					delete
278	<KEYBOARD>	.	163825	00:02:43	163892	00:02:43	67	1051	sentence end	257	257					append
279	<KEYBOARD>	SPACE	164572	00:02:44	164643	00:02:44	71	680	between sentence	258	258					append
280	<KEYBOARD>	SHIFT	165047	00:02:45	166259	00:02:46	1212	404	unknown	259	259					unknown
281	<KEYBOARD>	Т	166166	00:02:46	166241	00:02:46	75	1119	unknown	259	259					append
282	<KEYBOARD>	а	166647	00:02:46	166741	00:02:46	94	406	unknown	260	260					append
283	<KEYBOARD>	к	166899	00:02:46	166995	00:02:46	96	158	unknown	261	261					append
284	<KEYBOARD>	ж	167472	00:02:47	167530	00:02:47	58	477	unknown	262	262					append
285	<KEYBOARD>	е	167825	00:02:47	167897	00:02:47	72	295	unknown	263	263					append
286	<KEYBOARD>	SPACE	168016	00:02:48	168099	00:02:48	83	119	unknown	264	264					append
287	<KEYBOARD>	з	168719	00:02:48	168769	00:02:48	50	620	unknown	265	265					append
288	<KEYBOARD>	ж	168921	00:02:48	168984	00:02:48	63	152	unknown	266	266					append
289	<KEYBOARD>	BACK_SPACE	169419	00:02:49	169488	00:02:49	69	435	delete	266	266					delete
290	<KEYBOARD>	д	169727	00:02:49	169791	00:02:49	64	239	unknown	266	266					append
291	<KEYBOARD>	е	169967	00:02:49	170027	00:02:50	60	176	unknown	267	267					append
292	<KEYBOARD>	с	170308	00:02:50	170413	00:02:50	105	281	unknown	268	268					append
293	<KEYBOARD>	ь	170648	00:02:50	170689	00:02:50	41	235	unknown	269	269					append
294	<KEYBOARD>	SPACE	170821	00:02:50	170911	00:02:50	90	132	unknown	270	270					append
295	<KEYBOARD>	м	171097	00:02:51	171207	00:02:51	110	186	unknown	271	271					append
296	<KEYBOARD>	н	171440	00:02:51	171499	00:02:51	59	233	unknown	272	272					append
297	<KEYBOARD>	о	171642	00:02:51	171706	00:02:51	64	143	unknown	273	273					append
298	<KEYBOARD>	г	171883	00:02:51	171967	00:02:51	84	177	unknown	274	274					append
299	<KEYBOARD>	о	172105	00:02:52	172179	00:02:52	74	138	unknown	275	275					append
300	<KEYBOARD>	SPACE	172351	00:02:52	172469	00:02:52	118	172	unknown	276	276					append
301	<KEYBOARD>	п	172570	00:02:52	172669	00:02:52	99	101	unknown	277	277					append
302	<KEYBOARD>	т	173032	00:02:53	173108	00:02:53	76	363	unknown	278	278					append
303	<KEYBOARD>	и	173214	00:02:53	173297	00:02:53	83	106	unknown	279	279					append
304	<KEYBOARD>	ц	173952	00:02:53	174036	00:02:54	84	655	unknown	280	280					append
305	<KEYBOARD>	SHIFT	176563	00:02:56	176949	00:02:56	386	2527	unknown	281	281					unknown
306	<KEYBOARD>	,	176862	00:02:56	176862	00:02:56	50	50	unknown	281	281					append
307	<KEYBOARD>	SPACE	177123	00:02:57	177211	00:02:57	88	261	between words	282	282					append
308	<KEYBOARD>	к	177851	00:02:57	177995	00:02:57	144	640	unknown	283	283					append
309	<KEYBOARD>	о	178010	00:02:58	178063	00:02:58	53	15	unknown	284	284					append
310	<KEYBOARD>	т	178213	00:02:58	178275	00:02:58	62	150	unknown	285	285					append
311	<KEYBOARD>	о	178417	00:02:58	178477	00:02:58	60	142	unknown	286	286					append
312	<KEYBOARD>	р	178640	00:02:58	178698	00:02:58	58	163	unknown	287	287					append
313	<KEYBOARD>	ы	178965	00:02:58	179057	00:02:59	92	267	unknown	288	288					append
314	<KEYBOARD>	е	180715	00:03:00	180810	00:03:00	95	1658	unknown	289	289					append
315	<KEYBOARD>	SPACE	180941	00:03:00	181054	00:03:01	113	131	unknown	290	290					append
316	<KEYBOARD>	к	181461	00:03:01	181536	00:03:01	75	407	unknown	291	291					append
317	<KEYBOARD>	а	181669	00:03:01	181797	00:03:01	128	133	unknown	292	292					append
318	<KEYBOARD>	ж	182123	00:03:02	182178	00:03:02	55	326	unknown	293	293					append
319	<KEYBOARD>	д	182308	00:03:02	182384	00:03:02	76	130	unknown	294	294					append
320	<KEYBOARD>	ы	182753	00:03:02	182825	00:03:02	72	369	unknown	295	295					append
321	<KEYBOARD>	й	182981	00:03:02	183094	00:03:03	113	156	unknown	296	296					append
322	<KEYBOARD>	SPACE	183207	00:03:03	183282	00:03:03	75	113	unknown	297	297					append
323	<KEYBOARD>	д	183751	00:03:03	183816	00:03:03	65	469	unknown	298	298					append
324	<KEYBOARD>	е	184086	00:03:04	184177	00:03:04	91	270	unknown	299	299					append
325	<KEYBOARD>	н	184291	00:03:04	184345	00:03:04	54	114	unknown	300	300					append
326	<KEYBOARD>	ь	184736	00:03:04	184789	00:03:04	53	391	unknown	301	301					append
327	<KEYBOARD>	SPACE	184921	00:03:04	184986	00:03:04	65	132	unknown	302	302					append
328	<KEYBOARD>	п	185071	00:03:05	185167	00:03:05	96	85	unknown	303	303					append
329	<KEYBOARD>	о	185329	00:03:05	185389	00:03:05	60	162	unknown	304	304					append
330	<KEYBOARD>	ю	185822	00:03:05	185870	00:03:05	48	433	unknown	305	305					append
331	<KEYBOARD>	т	186105	00:03:06	186146	00:03:06	41	235	unknown	306	306					append
332	<KEYBOARD>	SPACE	186302	00:03:06	186390	00:03:06	88	156	unknown	307	307					append
333	<KEYBOARD>	с	192409	00:03:12	192491	00:03:12	82	6019	unknown	308	308					append
334	<KEYBOARD>	в	192648	00:03:12	192786	00:03:12	138	157	unknown	309	309					append
335	<KEYBOARD>	т	192943	00:03:12	192980	00:03:12	37	157	unknown	310	310					append
336	<KEYBOARD>	BACK_SPACE	193560	00:03:13	193631	00:03:13	71	580	delete	310	310					delete
337	<KEYBOARD>	о	194768	00:03:14	194834	00:03:14	66	1137	unknown	310	310					append
338	<KEYBOARD>	и	194930	00:03:14	195063	00:03:15	133	96	unknown	311	311					append
339	<KEYBOARD>	SPACE	195229	00:03:15	195304	00:03:15	75	166	unknown	312	312					append
340	<KEYBOARD>	п	197591	00:03:17	197687	00:03:17	96	2287	unknown	313	313					append
341	<KEYBOARD>	р	197760	00:03:17	197848	00:03:17	88	73	unknown	314	314					append
342	<KEYBOARD>	и	197997	00:03:17	198101	00:03:18	104	149	unknown	315	315					append
343	<KEYBOARD>	BACK_SPACE	198803	00:03:18	198900	00:03:18	97	702	delete	315	315					delete
344	<KEYBOARD>	к	198977	00:03:18	199110	00:03:19	133	77	unknown	315	315					append
345	<KEYBOARD>	BACK_SPACE	199881	00:03:19	199964	00:03:19	83	771	delete	315	315					delete
346	<KEYBOARD>	е	200035	00:03:20	200131	00:03:20	96	71	unknown	315	315					append
347	<KEYBOARD>	к	200265	00:03:20	200382	00:03:20	117	134	unknown	316	316					append
348	<KEYBOARD>	р	200577	00:03:20	200656	00:03:20	79	195	unknown	317	317					append
349	<KEYBOARD>	а	200730	00:03:20	200827	00:03:20	97	74	unknown	318	318					append
350	<KEYBOARD>	с	200969	00:03:20	201078	00:03:21	109	142	unknown	319	319					append
351	<KEYBOARD>	н	201222	00:03:21	201299	00:03:21	77	144	unknown	320	320					append
352	<KEYBOARD>	ы	201670	00:03:21	201771	00:03:21	101	371	unknown	321	321					append
353	<KEYBOARD>	е	201981	00:03:21	202041	00:03:22	60	210	unknown	322	322					append
354	<KEYBOARD>	SPACE	202138	00:03:22	202266	00:03:22	128	97	unknown	323	323					append
355	<KEYBOARD>	п	203383	00:03:23	203479	00:03:23	96	1117	unknown	324	324					append
356	<KEYBOARD>	е	203614	00:03:23	203705	00:03:23	91	135	unknown	325	325					append
357	<KEYBOARD>	с	204090	00:03:24	204177	00:03:24	87	385	unknown	326	326					append
358	<KEYBOARD>	н	204398	00:03:24	204458	00:03:24	60	221	unknown	327	327					append
359	<KEYBOARD>	и	204634	00:03:24	204689	00:03:24	55	176	unknown	328	328					append
360	<KEYBOARD>	.	205242	00:03:25	205307	00:03:25	65	553	sentence end	329	329					append
361	<KEYBOARD>	SPACE	205513	00:03:25	205578	00:03:25	65	206	between sentence	330	330					append
362	<KEYBOARD>	SHIFT	208551	00:03:28	208965	00:03:28	414	2973	unknown	331	331					unknown
363	<KEYBOARD>	Л	208868	00:03:28	208992	00:03:28	124	317	unknown	331	331					append
364	<KEYBOARD>	е	209705	00:03:29	209778	00:03:29	73	713	unknown	332	332					append
365	<KEYBOARD>	с	213448	00:03:33	213591	00:03:33	143	3670	unknown	333	333					append
366	<KEYBOARD>	SPACE	213687	00:03:33	213761	00:03:33	74	96	unknown	334	334					append
367	<KEYBOARD>	с	213861	00:03:33	213999	00:03:33	138	100	unknown	335	335					append
368	<KEYBOARD>	о	214066	00:03:34	214111	00:03:34	45	67	unknown	336	336					append
369	<KEYBOARD>	б	214487	00:03:34	214555	00:03:34	68	376	unknown	337	337					append
370	<KEYBOARD>	р	214826	00:03:34	214886	00:03:34	60	271	unknown	338	338					append
371	<KEYBOARD>	а	215002	00:03:35	215112	00:03:35	110	116	unknown	339	339					append
372	<KEYBOARD>	л	215431	00:03:35	215474	00:03:35	43	319	unknown	340	340					append
373	<KEYBOARD>	SPACE	215656	00:03:35	215722	00:03:35	66	182	unknown	341	341					append
374	<KEYBOARD>	с	218204	00:03:38	218317	00:03:38	113	2482	unknown	342	342					append
375	<KEYBOARD>	л	218989	00:03:38	219082	00:03:39	93	672	unknown	343	343					append
376	<KEYBOARD>	о	219206	00:03:39	219290	00:03:39	84	124	unknown	344	344					append
377	<KEYBOARD>	в	219501	00:03:39	219658	00:03:39	157	211	unknown	345	345					append
378	<KEYBOARD>	н	219746	00:03:39	219803	00:03:39	57	88	unknown	346	346					append
379	<KEYBOARD>	о	220009	00:03:40	220084	00:03:40	75	206	unknown	347	347					append
380	<KEYBOARD>	SPACE	220235	00:03:40	220342	00:03:40	107	151	unknown	348	348					append
381	<KEYBOARD>	в	220505	00:03:40	220630	00:03:40	125	163	unknown	349	349					append
382	<KEYBOARD>	с	221146	00:03:41	221270	00:03:41	124	516	unknown	350	350					append
383	<KEYBOARD>	е	221300	00:03:41	221383	00:03:41	83	30	unknown	351	351					append
384	<KEYBOARD>	SPACE	221625	00:03:41	221706	00:03:41	81	242	unknown	352	352					append
385	<KEYBOARD>	о	222131	00:03:42	222177	00:03:42	46	425	unknown	353	353					append
386	<KEYBOARD>	т	222738	00:03:42	222783	00:03:42	45	561	unknown	354	354					append
387	<KEYBOARD>	т	222912	00:03:42	222967	00:03:42	55	129	unknown	355	355					append
388	<KEYBOARD>	е	223058	00:03:43	223180	00:03:43	122	91	unknown	356	356					append
389	<KEYBOARD>	н	223263	00:03:43	223326	00:03:43	63	83	unknown	357	357					append
390	<KEYBOARD>	к	223636	00:03:43	223728	00:03:43	92	310	unknown	358	358					append
391	<KEYBOARD>	и	223883	00:03:43	223933	00:03:43	50	155	unknown	359	359					append
392	<KEYBOARD>	SPACE	224031	00:03:44	224112	00:03:44	81	98	unknown	360	360					append
393	<KEYBOARD>	з	224605	00:03:44	224691	00:03:44	86	493	unknown	361	361					append
394	<KEYBOARD>	е	224944	00:03:44	225082	00:03:45	138	253	unknown	362	362					append
395	<KEYBOARD>	л	225168	00:03:45	225261	00:03:45	93	86	unknown	363	363					append
396	<KEYBOARD>	е	225285	00:03:45	225404	00:03:45	119	24	unknown	364	364					append
397	<KEYBOARD>	н	225578	00:03:45	225642	00:03:45	64	174	unknown	365	365					append
398	<KEYBOARD>	о	225844	00:03:45	225930	00:03:45	86	202	unknown	366	366					append
399	<KEYBOARD>	г	226078	00:03:46	226156	00:03:46	78	148	unknown	367	367					append
400	<KEYBOARD>	о	226286	00:03:46	226348	00:03:46	62	130	unknown	368	368					append
401	<KEYBOARD>	SHIFT	229064	00:03:49	229972	00:03:49	908	2716	unknown	369	369					unknown
402	<KEYBOARD>	,	229793	00:03:49	229793	00:03:49	50	50	unknown	369	369					append
403	<KEYBOARD>	SPACE	230070	00:03:50	230152	00:03:50	82	277	between words	370	370					append
404	<KEYBOARD>	д	230579	00:03:50	230661	00:03:50	82	427	unknown	371	371					append
405	<KEYBOARD>	е	231160	00:03:51	231247	00:03:51	87	499	unknown	372	372					append
406	<KEYBOARD>	р	231297	00:03:51	231361	00:03:51	64	50	unknown	373	373					append
407	<KEYBOARD>	е	231993	00:03:51	232084	00:03:52	91	632	unknown	374	374					append
408	<KEYBOARD>	в	232664	00:03:52	232778	00:03:52	114	580	unknown	375	375					append
409	<KEYBOARD>	ь	233226	00:03:53	233284	00:03:53	58	448	unknown	376	376					append
410	<KEYBOARD>	я	233428	00:03:53	233515	00:03:53	87	144	unknown	377	377					append
411	<KEYBOARD>	SPACE	233861	00:03:53	233947	00:03:53	86	346	unknown	378	378					append
412	<KEYBOARD>	з	240726	00:04:00	240804	00:04:00	78	6779	unknown	379	379					append
413	<KEYBOARD>	а	240962	00:04:00	241027	00:04:01	65	158	unknown	380	380					append
414	<KEYBOARD>	в	241214	00:04:01	241343	00:04:01	129	187	unknown	381	381					append
415	<KEYBOARD>	о	241617	00:04:01	241672	00:04:01	55	274	unknown	382	382					append
416	<KEYBOARD>	р	241843	00:04:01	241902	00:04:01	59	171	unknown	383	383					append
417	<KEYBOARD>	а	242235	00:04:02	242354	00:04:02	119	333	unknown	384	384					append
418	<KEYBOARD>	ж	243003	00:04:03	243055	00:04:03	52	649	unknown	385	385					append
419	<KEYBOARD>	и	243364	00:04:03	243424	00:04:03	60	309	unknown	386	386					append
420	<KEYBOARD>	в	243591	00:04:03	243671	00:04:03	80	167	unknown	387	387					append
421	<KEYBOARD>	а	243788	00:04:03	243890	00:04:03	102	117	unknown	388	388					append
422	<KEYBOARD>	ю	244243	00:04:04	244303	00:04:04	60	353	unknown	389	389					append
423	<KEYBOARD>	т	244694	00:04:04	244754	00:04:04	60	391	unknown	390	390					append
424	<KEYBOARD>	SPACE	244858	00:04:04	244951	00:04:04	93	104	unknown	391	391					append
425	<KEYBOARD>	в	245099	00:04:05	245145	00:04:05	46	148	unknown	392	392					append
426	<KEYBOARD>	BACK_SPACE	245649	00:04:05	245732	00:04:05	83	504	delete	392	392					delete
427	<KEYBOARD>	с	245819	00:04:05	245902	00:04:05	83	87	unknown	392	392					append
428	<KEYBOARD>	в	246023	00:04:06	246147	00:04:06	124	121	unknown	393	393					append
429	<KEYBOARD>	о	246407	00:04:06	246480	00:04:06	73	260	unknown	394	394					append
430	<KEYBOARD>	е	246595	00:04:06	246666	00:04:06	71	115	unknown	395	395					append
431	<KEYBOARD>	й	247005	00:04:07	247100	00:04:07	95	339	unknown	396	396					append
432	<KEYBOARD>	SPACE	247202	00:04:07	247285	00:04:07	83	102	unknown	397	397					append
433	<KEYBOARD>	к	247468	00:04:07	247532	00:04:07	64	183	unknown	398	398					append
434	<KEYBOARD>	о	247723	00:04:07	247774	00:04:07	51	191	unknown	399	399					append
435	<KEYBOARD>	=	248274	00:04:08	248342	00:04:08	68	500	unknown	400	400					append
436	<KEYBOARD>	р	248774	00:04:08	248879	00:04:08	105	432	unknown	401	401					append
437	<KEYBOARD>	а	249055	00:04:09	249135	00:04:09	80	176	unknown	402	402					append
438	<KEYBOARD>	с	249294	00:04:09	249409	00:04:09	115	159	unknown	403	403					append
439	<KEYBOARD>	о	249556	00:04:09	249610	00:04:09	54	147	unknown	404	404					append
440	<KEYBOARD>	т	249768	00:04:09	249829	00:04:09	61	158	unknown	405	405					append
441	<KEYBOARD>	о	249953	00:04:09	250053	00:04:10	100	124	unknown	406	406					append
442	<KEYBOARD>	й	250228	00:04:10	250329	00:04:10	101	175	unknown	407	407					append
443	<MOUSE>	<PRIMARY>	252892	00:04:12	253115	00:04:13	223	2563	navigation	401	401	235	60			navigate
444	<KEYBOARD>	BACK_SPACE	253189	00:04:13	253264	00:04:13	75	74	delete	400	400					delete
445	<KEYBOARD>	BACK_SPACE	253360	00:04:13	253434	00:04:13	74	96	delete	399	399					delete
446	<MOUSE>	<PRIMARY>	254997	00:04:14	255211	00:04:15	214	1563	navigation	406	406	275	61			navigate
447	<KEYBOARD>	.	256026	00:04:16	256070	00:04:16	44	815	sentence end	406	406					append
448	<KEYBOARD>	SPACE	256135	00:04:16	256234	00:04:16	99	65	between sentence	407	407					append
449	<KEYBOARD>	SHIFT	260226	00:04:20	261395	00:04:21	1169	3992	unknown	408	408					unknown
450	<KEYBOARD>	К	261301	00:04:21	261349	00:04:21	48	1075	unknown	408	408					append
451	<KEYBOARD>	о	261769	00:04:21	261836	00:04:21	67	420	unknown	409	409					append
452	<KEYBOARD>	г	261926	00:04:21	261999	00:04:21	73	90	unknown	410	410					append
453	<KEYBOARD>	д	262373	00:04:22	262432	00:04:22	59	374	unknown	411	411					append
454	<KEYBOARD>	а	262778	00:04:22	262849	00:04:22	71	346	unknown	412	412					append
455	<KEYBOARD>	SPACE	262904	00:04:22	262974	00:04:22	70	55	unknown	413	413					append
456	<KEYBOARD>	н	263319	00:04:23	263389	00:04:23	70	345	unknown	414	414					append
457	<KEYBOARD>	а	263509	00:04:23	263577	00:04:23	68	120	unknown	415	415					append
458	<KEYBOARD>	с	264027	00:04:24	264120	00:04:24	93	450	unknown	416	416					append
459	<KEYBOARD>	т	264317	00:04:24	264372	00:04:24	55	197	unknown	417	417					append
460	<KEYBOARD>	у	264817	00:04:24	264909	00:04:24	92	445	unknown	418	418					append
461	<KEYBOARD>	п	265604	00:04:25	265673	00:04:25	69	695	unknown	419	419					append
462	<KEYBOARD>	а	265800	00:04:25	265901	00:04:25	101	127	unknown	420	420					append
463	<KEYBOARD>	е	266028	00:04:26	266084	00:04:26	56	127	unknown	421	421					append
464	<KEYBOARD>	т	266473	00:04:26	266514	00:04:26	41	389	unknown	422	422					append
465	<KEYBOARD>	SPACE	266624	00:04:26	266690	00:04:26	66	110	unknown	423	423					append
466	<KEYBOARD>	н	267769	00:04:27	267818	00:04:27	49	1079	unknown	424	424					append
467	<KEYBOARD>	о	267979	00:04:27	268030	00:04:28	51	161	unknown	425	425					append
468	<KEYBOARD>	ч	269093	00:04:29	269199	00:04:29	106	1063	unknown	426	426					append
469	<KEYBOARD>	ь	269268	00:04:29	269333	00:04:29	65	69	unknown	427	427					append
470	<KEYBOARD>	SPACE	269469	00:04:29	269585	00:04:29	116	136	unknown	428	428					append
471	<KEYBOARD>	н	273385	00:04:33	273454	00:04:33	69	3800	unknown	429	429					append
472	<KEYBOARD>	а	273587	00:04:33	273715	00:04:33	128	133	unknown	430	430					append
473	<KEYBOARD>	SPACE	273790	00:04:33	273856	00:04:33	66	75	unknown	431	431					append
474	<KEYBOARD>	т	274011	00:04:34	274076	00:04:34	65	155	unknown	432	432					append
475	<KEYBOARD>	е	274179	00:04:34	274261	00:04:34	82	103	unknown	433	433					append
476	<KEYBOARD>	м	274680	00:04:34	274799	00:04:34	119	419	unknown	434	434					append
477	<KEYBOARD>	н	274846	00:04:34	274886	00:04:34	40	47	unknown	435	435					append
478	<KEYBOARD>	о	275029	00:04:35	275133	00:04:35	104	143	unknown	436	436					append
479	<KEYBOARD>	м	275619	00:04:35	275666	00:04:35	47	486	unknown	437	437					append
480	<KEYBOARD>	SPACE	275804	00:04:35	275864	00:04:35	60	138	unknown	438	438					append
481	<KEYBOARD>	н	276053	00:04:36	276108	00:04:36	55	189	unknown	439	439					append
482	<KEYBOARD>	е	276233	00:04:36	276316	00:04:36	83	125	unknown	440	440					append
483	<KEYBOARD>	б	276716	00:04:36	276782	00:04:36	66	400	unknown	441	441					append
484	<KEYBOARD>	е	277093	00:04:37	277188	00:04:37	95	311	unknown	442	442					append
485	<KEYBOARD>	SPACE	277305	00:04:37	277370	00:04:37	65	117	unknown	443	443					append
486	<KEYBOARD>	п	277540	00:04:37	277600	00:04:37	60	170	unknown	444	444					append
487	<KEYBOARD>	о	277675	00:04:37	277740	00:04:37	65	75	unknown	445	445					append
488	<KEYBOARD>	я	278141	00:04:38	278214	00:04:38	73	401	unknown	446	446					append
489	<KEYBOARD>	в	278579	00:04:38	278652	00:04:38	73	365	unknown	447	447					append
490	<KEYBOARD>	л	279511	00:04:39	279562	00:04:39	51	859	unknown	448	448					append
491	<KEYBOARD>	ю	279893	00:04:39	279943	00:04:39	50	331	unknown	449	449					append
492	<KEYBOARD>	BACK_SPACE	280947	00:04:40	281056	00:04:41	109	1004	delete	449	449					delete
493	<KEYBOARD>	я	281199	00:04:41	281291	00:04:41	92	143	unknown	449	449					append
494	<KEYBOARD>	ю	281695	00:04:41	281761	00:04:41	66	404	unknown	450	450					append
495	<KEYBOARD>	т	282250	00:04:42	282304	00:04:42	54	489	unknown	451	451					append
496	<KEYBOARD>	с	282577	00:04:42	282635	00:04:42	58	273	unknown	452	452					append
497	<KEYBOARD>	я	282825	00:04:42	282908	00:04:42	83	190	unknown	453	453					append
498	<KEYBOARD>	SPACE	284355	00:04:44	284434	00:04:44	79	1447	unknown	454	454					append
499	<MOUSE>	<PRIMARY>	288650	00:04:48	288867	00:04:48	217	4216	navigation	443	443	521	64			navigate
500	<KEYBOARD>	SPACE	289558	00:04:49	289624	00:04:49	66	691	between words	443	443					insert
501	<KEYBOARD>	в	289746	00:04:49	289832	00:04:49	86	122	unknown	444	444					insert
502	<KEYBOARD>	SPACE	289941	00:04:49	290001	00:04:50	60	109	unknown	445	445					insert
503	<KEYBOARD>	х	290397	00:04:50	290443	00:04:50	46	396	unknown	446	446					insert
504	<KEYBOARD>	а	290772	00:04:50	290853	00:04:50	81	329	unknown	447	447					insert
505	<KEYBOARD>	о	291270	00:04:51	291316	00:04:51	46	417	unknown	448	448					insert
506	<KEYBOARD>	т	291499	00:04:51	291562	00:04:51	63	183	unknown	449	449					insert
507	<KEYBOARD>	и	291717	00:04:51	291781	00:04:51	64	155	unknown	450	450					insert
508	<KEYBOARD>	ч	292218	00:04:52	292299	00:04:52	81	437	unknown	451	451					insert
509	<KEYBOARD>	н	292469	00:04:52	292534	00:04:52	65	170	unknown	452	452					insert
510	<KEYBOARD>	о	292705	00:04:52	292782	00:04:52	77	171	unknown	453	453					insert
511	<KEYBOARD>	м	293254	00:04:53	293323	00:04:53	69	472	unknown	454	454					insert
512	<KEYBOARD>	SPACE	294514	00:04:54	294583	00:04:54	69	1191	unknown	455	455					insert
513	<KEYBOARD>	п	294769	00:04:54	294832	00:04:54	63	186	unknown	456	456					insert
514	<KEYBOARD>	о	295503	00:04:55	295573	00:04:55	70	671	unknown	457	457					insert
515	<KEYBOARD>	р	296125	00:04:56	296200	00:04:56	75	552	unknown	458	458					insert
516	<KEYBOARD>	я	296343	00:04:56	296420	00:04:56	77	143	unknown	459	459					insert
517	<KEYBOARD>	д	296794	00:04:56	296856	00:04:56	62	374	unknown	460	460					insert
518	<KEYBOARD>	к	297076	00:04:57	297162	00:04:57	86	220	unknown	461	461					insert
519	<KEYBOARD>	е	297279	00:04:57	297370	00:04:57	91	117	unknown	462	462					insert
520	<MOUSE>	<PRIMARY>	298970	00:04:58	299190	00:04:59	220	1600	navigation	475	475	759	71			navigate
521	<KEYBOARD>	я	300345	00:05:00	300470	00:05:00	125	1155	unknown	475	475					append
522	<KEYBOARD>	р	300752	00:05:00	300816	00:05:00	64	282	unknown	476	476					append
523	<KEYBOARD>	к	300922	00:05:00	301004	00:05:01	82	106	unknown	477	477					append
524	<KEYBOARD>	и	301189	00:05:01	301242	00:05:01	53	185	unknown	478	478					append
525	<KEYBOARD>	е	302894	00:05:02	302981	00:05:02	87	1652	unknown	479	479					append
526	<KEYBOARD>	SPACE	303075	00:05:03	303177	00:05:03	102	94	unknown	480	480					append
527	<KEYBOARD>	з	303815	00:05:03	303857	00:05:03	42	638	unknown	481	481					append
528	<KEYBOARD>	в	304076	00:05:04	304169	00:05:04	93	219	unknown	482	482					append
529	<KEYBOARD>	е	304372	00:05:04	304489	00:05:04	117	203	unknown	483	483					append
530	<KEYBOARD>	з	304803	00:05:04	304841	00:05:04	38	314	unknown	484	484					append
531	<KEYBOARD>	д	305167	00:05:05	305208	00:05:05	41	326	unknown	485	485					append
532	<KEYBOARD>	ы	305614	00:05:05	305679	00:05:05	65	406	unknown	486	486					append
533	<KEYBOARD>	.	306236	00:05:06	306291	00:05:06	55	557	sentence end	487	487					append
534	<KEYBOARD>	SPACE	306504	00:05:06	306560	00:05:06	56	213	between sentence	488	488					append
535	<KEYBOARD>	SHIFT	309333	00:05:09	310216	00:05:10	883	2773	unknown	489	489					unknown
536	<KEYBOARD>	Д	310161	00:05:10	310231	00:05:10	70	828	unknown	489	489					append
537	<KEYBOARD>	р	311055	00:05:11	311114	00:05:11	59	824	unknown	490	490					append
538	<KEYBOARD>	у	311561	00:05:11	311623	00:05:11	62	447	unknown	491	491					append
539	<KEYBOARD>	г	311932	00:05:11	311988	00:05:11	56	309	unknown	492	492					append
540	<KEYBOARD>	о	312116	00:05:12	312186	00:05:12	70	128	unknown	493	493					append
541	<KEYBOARD>	е	312502	00:05:12	312584	00:05:12	82	316	unknown	494	494					append
542	<KEYBOARD>	SPACE	312643	00:05:12	312714	00:05:12	71	59	unknown	495	495					append
543	<KEYBOARD>	о	312894	00:05:12	312963	00:05:12	69	180	unknown	496	496					append
544	<KEYBOARD>	к	313407	00:05:13	313501	00:05:13	94	444	unknown	497	497					append
545	<KEYBOARD>	н	313799	00:05:13	313844	00:05:13	45	298	unknown	498	498					append
546	<KEYBOARD>	о	313987	00:05:13	314073	00:05:14	86	143	unknown	499	499					append
547	<KEYBOARD>	SPACE	314299	00:05:14	314389	00:05:14	90	226	unknown	500	500					append
548	<KEYBOARD>	м	315221	00:05:15	315308	00:05:15	87	832	unknown	501	501					append
549	<KEYBOARD>	о	315434	00:05:15	315494	00:05:15	60	126	unknown	502	502					append
550	<KEYBOARD>	е	316086	00:05:16	316145	00:05:16	59	592	unknown	503	503					append
551	<KEYBOARD>	й	316256	00:05:16	316330	00:05:16	74	111	unknown	504	504					append
552	<KEYBOARD>	SPACE	316513	00:05:16	316593	00:05:16	80	183	unknown	505	505					append
553	<KEYBOARD>	к	316748	00:05:16	316812	00:05:16	64	155	unknown	506	506					append
554	<KEYBOARD>	в	317089	00:05:17	317157	00:05:17	68	277	unknown	507	507					append
555	<KEYBOARD>	а	317303	00:05:17	317386	00:05:17	83	146	unknown	508	508					append
556	<KEYBOARD>	р	317571	00:05:17	317631	00:05:17	60	185	unknown	509	509					append
557	<KEYBOARD>	т	317813	00:05:17	317880	00:05:17	67	182	unknown	510	510					append
558	<KEYBOARD>	и	318001	00:05:18	318078	00:05:18	77	121	unknown	511	511					append
559	<KEYBOARD>	р	318509	00:05:18	318568	00:05:18	59	431	unknown	512	512					append
560	<KEYBOARD>	ы	319950	00:05:19	320093	00:05:20	143	1382	unknown	513	513					append
561	<KEYBOARD>	SPACE	320597	00:05:20	320699	00:05:20	102	504	unknown	514	514					append
562	<KEYBOARD>	в	321717	00:05:21	321781	00:05:21	64	1018	unknown	515	515					append
563	<KEYBOARD>	ы	321899	00:05:21	322000	00:05:22	101	118	unknown	516	516					append
564	<KEYBOARD>	х	322890	00:05:22	322949	00:05:22	59	890	unknown	517	517					append
565	<KEYBOARD>	о	323252	00:05:23	323293	00:05:23	41	303	unknown	518	518					append
566	<KEYBOARD>	д	323721	00:05:23	323775	00:05:23	54	428	unknown	519	519					append
567	<KEYBOARD>	и	324213	00:05:24	324263	00:05:24	50	438	unknown	520	520					append
568	<KEYBOARD>	т	324411	00:05:24	324472	00:05:24	61	148	unknown	521	521					append
569	<KEYBOARD>	SPACE	324643	00:05:24	324729	00:05:24	86	171	unknown	522	522					append
570	<KEYBOARD>	п	326220	00:05:26	326279	00:05:26	59	1491	unknown	523	523					append
571	<KEYBOARD>	р	326397	00:05:26	326471	00:05:26	74	118	unknown	524	524					append
572	<KEYBOARD>	я	326731	00:05:26	326819	00:05:26	88	260	unknown	525	525					append
573	<KEYBOARD>	м	327030	00:05:27	327084	00:05:27	54	211	unknown	526	526					append
574	<KEYBOARD>	о	327465	00:05:27	327505	00:05:27	40	381	unknown	527	527					append
575	<KEYBOARD>	SPACE	327638	00:05:27	327737	00:05:27	99	133	unknown	528	528					append
576	<KEYBOARD>	в	327843	00:05:27	327945	00:05:27	102	106	unknown	529	529					append
577	<KEYBOARD>	о	328041	00:05:28	328095	00:05:28	54	96	unknown	530	530					append
578	<KEYBOARD>	SPACE	328264	00:05:28	328350	00:05:28	86	169	unknown	531	531					append
579	<KEYBOARD>	д	328830	00:05:28	328908	00:05:28	78	480	unknown	532	532					append
580	<KEYBOARD>	в	329133	00:05:29	329244	00:05:29	111	225	unknown	533	533					append
581	<KEYBOARD>	о	329445	00:05:29	329500	00:05:29	55	201	unknown	534	534					append
582	<KEYBOARD>	р	329629	00:05:29	329684	00:05:29	55	129	unknown	535	535					append
583	<KEYBOARD>	.	330247	00:05:30	330309	00:05:30	62	563	sentence end	536	536					append
584	<KEYBOARD>	SPACE	330418	00:05:30	330513	00:05:30	95	109	between sentence	537	537					append
585	<KEYBOARD>	BACK_SPACE	332940	00:05:32	333043	00:05:33	103	2427	delete	537	537					delete
586	<KEYBOARD>	BACK_SPACE	333239	00:05:33	333293	00:05:33	54	196	delete	536	536					delete
587	<KEYBOARD>	SHIFT	333518	00:05:33	334841	00:05:34	1323	225	between words	536	536					unknown
588	<KEYBOARD>	Ю	334741	00:05:34	334786	00:05:34	45	1223	unknown	536	536					append
589	<KEYBOARD>	SPACE	334958	00:05:34	335033	00:05:35	75	172	unknown	537	537					append
590	<KEYBOARD>	BACK_SPACE	335611	00:05:35	335704	00:05:35	93	578	delete	537	537					delete
591	<KEYBOARD>	BACK_SPACE	335858	00:05:35	335943	00:05:35	85	154	delete	536	536					delete
592	<KEYBOARD>	SHIFT	336231	00:05:36	336668	00:05:36	437	288	between words	536	536					unknown
593	<KEYBOARD>	,	336543	00:05:36	336543	00:05:36	50	50	unknown	536	536					append
594	<KEYBOARD>	SPACE	336810	00:05:36	336876	00:05:36	66	267	between words	537	537					append
595	<KEYBOARD>	г	337921	00:05:37	338009	00:05:38	88	1045	unknown	538	538					append
596	<KEYBOARD>	д	338129	00:05:38	338203	00:05:38	74	120	unknown	539	539					append
597	<KEYBOARD>	е	338591	00:05:38	338654	00:05:38	63	388	unknown	540	540					append
598	<KEYBOARD>	SPACE	338733	00:05:38	338832	00:05:38	99	79	unknown	541	541					append
599	<KEYBOARD>	в	339000	00:05:39	339101	00:05:39	101	168	unknown	542	542					append
600	<KEYBOARD>	SPACE	339156	00:05:39	339230	00:05:39	74	55	unknown	543	543					append
601	<KEYBOARD>	с	339705	00:05:39	339788	00:05:39	83	475	unknown	544	544					append
602	<KEYBOARD>	в	340553	00:05:40	340636	00:05:40	83	765	unknown	545	545					append
603	<KEYBOARD>	о	340729	00:05:40	340783	00:05:40	54	93	unknown	546	546					append
604	<KEYBOARD>	б	341257	00:05:41	341305	00:05:41	48	474	unknown	547	547					append
605	<KEYBOARD>	о	341454	00:05:41	341493	00:05:41	39	149	unknown	548	548					append
606	<KEYBOARD>	д	341923	00:05:41	341981	00:05:41	58	430	unknown	549	549					append
607	<KEYBOARD>	н	342249	00:05:42	342293	00:05:42	44	268	unknown	550	550					append
608	<KEYBOARD>	о	342443	00:05:42	342527	00:05:42	84	150	unknown	551	551					append
609	<KEYBOARD>	е	342787	00:05:42	342874	00:05:42	87	260	unknown	552	552					append
610	<KEYBOARD>	SPACE	342939	00:05:42	343055	00:05:43	116	65	unknown	553	553					append
611	<KEYBOARD>	в	343539	00:05:43	343583	00:05:43	44	484	unknown	554	554					append
612	<KEYBOARD>	р	344581	00:05:44	344622	00:05:44	41	998	unknown	555	555					append
613	<KEYBOARD>	е	344778	00:05:44	344838	00:05:44	60	156	unknown	556	556					append
614	<KEYBOARD>	м	345391	00:05:45	345454	00:05:45	63	553	unknown	557	557					append
615	<KEYBOARD>	я	345577	00:05:45	345694	00:05:45	117	123	unknown	558	558					append
616	<KEYBOARD>	SPACE	345799	00:05:45	345912	00:05:45	113	105	unknown	559	559					append
617	<KEYBOARD>	р	349327	00:05:49	349386	00:05:49	59	3415	unknown	560	560					append
618	<KEYBOARD>	е	349500	00:05:49	349583	00:05:49	83	114	unknown	561	561					append
619	<KEYBOARD>	з	349938	00:05:49	349997	00:05:49	59	355	unknown	562	562					append
620	<KEYBOARD>	в	350217	00:05:50	350281	00:05:50	64	220	unknown	563	563					append
621	<KEYBOARD>	т	351131	00:05:51	351189	00:05:51	58	850	unknown	564	564					append
622	<KEYBOARD>	с	351775	00:05:51	351839	00:05:51	64	586	unknown	565	565					append
623	<KEYBOARD>	я	352063	00:05:52	352145	00:05:52	82	224	unknown	566	566					append
624	<KEYBOARD>	SPACE	352237	00:05:52	352298	00:05:52	61	92	unknown	567	567					append
625	<KEYBOARD>	д	352759	00:05:52	352829	00:05:52	70	461	unknown	568	568					append
626	<KEYBOARD>	е	352983	00:05:52	353050	00:05:53	67	154	unknown	569	569					append
627	<KEYBOARD>	н	353146	00:05:53	353219	00:05:53	73	96	unknown	570	570					append
628	<KEYBOARD>	BACK_SPACE	353670	00:05:53	353756	00:05:53	86	451	delete	570	570					delete
629	<KEYBOARD>	т	354108	00:05:54	354147	00:05:54	39	352	unknown	570	570					append
630	<KEYBOARD>	и	354467	00:05:54	354550	00:05:54	83	320	unknown	571	571					append
631	<KEYBOARD>	BACK_SPACE	359708	00:05:59	359788	00:05:59	80	5158	delete	571	571					delete
632	<KEYBOARD>	и	361044	00:06:01	361098	00:06:01	54	1256	unknown	571	571					append
633	<KEYBOARD>	SPACE	361247	00:06:01	361332	00:06:01	85	149	unknown	572	572					append
634	<KEYBOARD>	и	361596	00:06:01	361657	00:06:01	61	264	unknown	573	573					append
635	<KEYBOARD>	г	361854	00:06:01	361921	00:06:01	67	197	unknown	574	574					append
636	<KEYBOARD>	р	362065	00:06:02	362125	00:06:02	60	144	unknown	575	575					append
637	<KEYBOARD>	а	362511	00:06:02	362598	00:06:02	87	386	unknown	576	576					append
638	<KEYBOARD>	ю	363307	00:06:03	363363	00:06:03	56	709	unknown	577	577					append
639	<KEYBOARD>	т	363603	00:06:03	363647	00:06:03	44	240	unknown	578	578					append
640	<KEYBOARD>	SPACE	363768	00:06:03	363854	00:06:03	86	121	unknown	579	579					append
641	<KEYBOARD>	в	364197	00:06:04	364298	00:06:04	101	343	unknown	580	580					append
642	<KEYBOARD>	SPACE	364371	00:06:04	364432	00:06:04	61	73	unknown	581	581					append
643	<KEYBOARD>	д	364986	00:06:04	365036	00:06:05	50	554	unknown	582	582					append
644	<KEYBOARD>	о	365229	00:06:05	365275	00:06:05	46	193	unknown	583	583					append
645	<KEYBOARD>	г	365660	00:06:05	365720	00:06:05	60	385	unknown	584	584					append
646	<KEYBOARD>	о	365865	00:06:05	365942	00:06:05	77	145	unknown	585	585					append
647	<KEYBOARD>	н	366191	00:06:06	366252	00:06:06	61	249	unknown	586	586					append
648	<KEYBOARD>	я	366522	00:06:06	366570	00:06:06	48	270	unknown	587	587					append
649	<KEYBOARD>	л	366932	00:06:06	366992	00:06:06	60	362	unknown	588	588					append
650	<KEYBOARD>	к	367671	00:06:07	367736	00:06:07	65	679	unknown	589	589					append
651	<KEYBOARD>	BACK_SPACE	368981	00:06:08	369065	00:06:09	84	1245	delete	589	589					delete
652	<KEYBOARD>	к	370826	00:06:10	370918	00:06:10	92	1761	unknown	589	589					append
653	<KEYBOARD>	т	371119	00:06:11	371184	00:06:11	65	201	unknown	590	590					append
654	<KEYBOARD>	BACK_SPACE	371749	00:06:11	371843	00:06:11	94	565	delete	590	590					delete
655	<KEYBOARD>	и	372780	00:06:12	372843	00:06:12	63	937	unknown	590	590					append
656	<KEYBOARD>	SHIFT	374163	00:06:14	374531	00:06:14	368	1320	unknown	591	591					unknown
657	<KEYBOARD>	,	374392	00:06:14	374392	00:06:14	50	50	unknown	591	591					append
658	<KEYBOARD>	SPACE	374651	00:06:14	374730	00:06:14	79	259	between words	592	592					append
659	<KEYBOARD>	с	375516	00:06:15	375631	00:06:15	115	786	unknown	593	593					append
660	<KEYBOARD>	т	375840	00:06:15	375898	00:06:15	58	209	unknown	594	594					append
661	<KEYBOARD>	р	376460	00:06:16	376520	00:06:16	60	562	unknown	595	595					append
662	<KEYBOARD>	о	376649	00:06:16	376724	00:06:16	75	129	unknown	596	596					append
663	<KEYBOARD>	BACK_SPACE	377435	00:06:17	377483	00:06:17	48	711	delete	596	596					delete
664	<KEYBOARD>	BACK_SPACE	377727	00:06:17	377792	00:06:17	65	244	delete	595	595					delete
665	<KEYBOARD>	BACK_SPACE	377875	00:06:17	377954	00:06:17	79	83	delete	594	594					delete
666	<KEYBOARD>	BACK_SPACE	378042	00:06:18	378123	00:06:18	81	88	delete	593	593					delete
667	<KEYBOARD>	BACK_SPACE	378225	00:06:18	378299	00:06:18	74	102	delete	592	592					delete
668	<KEYBOARD>	BACK_SPACE	378610	00:06:18	378682	00:06:18	72	311	delete	591	591					delete
669	<KEYBOARD>	SPACE	380375	00:06:20	380442	00:06:20	67	1693	between words	591	591					append
670	<KEYBOARD>	и	381555	00:06:21	381609	00:06:21	54	1113	unknown	592	592					append
671	<KEYBOARD>	SPACE	381740	00:06:21	381807	00:06:21	67	131	unknown	593	593					append
672	<KEYBOARD>	с	382121	00:06:22	382216	00:06:22	95	314	unknown	594	594					append
673	<KEYBOARD>	т	382322	00:06:22	382389	00:06:22	67	106	unknown	595	595					append
674	<KEYBOARD>	р	382873	00:06:22	382918	00:06:22	45	484	unknown	596	596					append
675	<KEYBOARD>	о	383061	00:06:23	383147	00:06:23	86	143	unknown	597	597					append
676	<KEYBOARD>	я	383444	00:06:23	383546	00:06:23	102	297	unknown	598	598					append
677	<KEYBOARD>	т	383728	00:06:23	383776	00:06:23	48	182	unknown	599	599					append
678	<KEYBOARD>	SPACE	383889	00:06:23	383961	00:06:23	72	113	unknown	600	600					append
679	<KEYBOARD>	з	384397	00:06:24	384457	00:06:24	60	436	unknown	601	601					append
680	<KEYBOARD>	а	384693	00:06:24	384762	00:06:24	69	236	unknown	602	602					append
681	<KEYBOARD>	м	385132	00:06:25	385196	00:06:25	64	370	unknown	603	603					append
682	<KEYBOARD>	к	385410	00:06:25	385505	00:06:25	95	214	unknown	604	604					append
683	<KEYBOARD>	и	385625	00:06:25	385684	00:06:25	59	120	unknown	605	605					append
684	<KEYBOARD>	SPACE	385848	00:06:25	385914	00:06:25	66	164	unknown	606	606					append
685	<KEYBOARD>	в	386035	00:06:26	386144	00:06:26	109	121	unknown	607	607					append
686	<KEYBOARD>	SPACE	386413	00:06:26	386504	00:06:26	91	269	unknown	608	608					append
687	<KEYBOARD>	п	386785	00:06:26	386845	00:06:26	60	281	unknown	609	609					append
688	<KEYBOARD>	е	386956	00:06:26	387029	00:06:27	73	111	unknown	610	610					append
689	<KEYBOARD>	с	387199	00:06:27	387273	00:06:27	74	170	unknown	611	611					append
690	<KEYBOARD>	о	388120	00:06:28	388184	00:06:28	64	847	unknown	612	612					append
691	<KEYBOARD>	ч	388357	00:06:28	388440	00:06:28	83	173	unknown	613	613					append
692	<KEYBOARD>	н	388606	00:06:28	388674	00:06:28	68	166	unknown	614	614					append
693	<KEYBOARD>	и	388906	00:06:28	388965	00:06:28	59	232	unknown	615	615					append
694	<KEYBOARD>	ц	389921	00:06:29	389985	00:06:29	64	956	unknown	616	616					append
695	<KEYBOARD>	а	390278	00:06:30	390374	00:06:30	96	293	unknown	617	617					append
696	<KEYBOARD>	х	391233	00:06:31	391283	00:06:31	50	859	unknown	618	618					append
697	<KEYBOARD>	.	393201	00:06:33	393256	00:06:33	55	1918	sentence end	619	619					append
698	<KEYBOARD>	SPACE	393440	00:06:33	393556	00:06:33	116	184	between sentence	620	620					append
699	<KEYBOARD>	SHIFT	394348	00:06:34	397108	00:06:37	2760	792	unknown	621	621					unknown
700	<KEYBOARD>	Н	397003	00:06:37	397067	00:06:37	64	2655	unknown	621	621					append
701	<KEYBOARD>	е	397171	00:06:37	397245	00:06:37	74	104	unknown	622	622					append
702	<KEYBOARD>	к	397577	00:06:37	397665	00:06:37	88	332	unknown	623	623					append
703	<KEYBOARD>	о	397829	00:06:37	397883	00:06:37	54	164	unknown	624	624					append
704	<KEYBOARD>	т	398202	00:06:38	398243	00:06:38	41	319	unknown	625	625					append
705	<KEYBOARD>	о	398365	00:06:38	398441	00:06:38	76	122	unknown	626	626					append
706	<KEYBOARD>	р	398580	00:06:38	398645	00:06:38	65	139	unknown	627	627					append
707	<KEYBOARD>	ы	399113	00:06:39	399196	00:06:39	83	468	unknown	628	628					append
708	<KEYBOARD>	е	399440	00:06:39	399514	00:06:39	74	244	unknown	629	629					append
709	<KEYBOARD>	SPACE	399607	00:06:39	399673	00:06:39	66	93	unknown	630	630					append
710	<KEYBOARD>	л	400190	00:06:40	400240	00:06:40	50	517	unknown	631	631					append
711	<KEYBOARD>	ю	400699	00:06:40	400746	00:06:40	47	459	unknown	632	632					append
712	<KEYBOARD>	д	400863	00:06:40	400928	00:06:40	65	117	unknown	633	633					append
713	<KEYBOARD>	и	401178	00:06:41	401250	00:06:41	72	250	unknown	634	634					append
714	<KEYBOARD>	SPACE	401382	00:06:41	401490	00:06:41	108	132	unknown	635	635					append
715	<KEYBOARD>	в	403005	00:06:43	403050	00:06:43	45	1515	unknown	636	636					append
716	<KEYBOARD>	ы	403194	00:06:43	403268	00:06:43	74	144	unknown	637	637					append
717	<KEYBOARD>	г	405280	00:06:45	405359	00:06:45	79	2012	unknown	638	638					append
718	<KEYBOARD>	у	405666	00:06:45	405747	00:06:45	81	307	unknown	639	639					append
719	<KEYBOARD>	л	405952	00:06:45	406006	00:06:46	54	205	unknown	640	640					append
720	<KEYBOARD>	и	406436	00:06:46	406496	00:06:46	60	430	unknown	641	641					append
721	<KEYBOARD>	в	406658	00:06:46	406747	00:06:46	89	162	unknown	642	642					append
722	<KEYBOARD>	а	406863	00:06:46	406974	00:06:46	111	116	unknown	643	643					append
723	<KEYBOARD>	б	407276	00:06:47	407345	00:06:47	69	302	unknown	644	644					append
724	<KEYBOARD>	BACK_SPACE	408042	00:06:48	408131	00:06:48	89	697	delete	644	644					delete
725	<KEYBOARD>	ю	408439	00:06:48	408502	00:06:48	63	308	unknown	644	644					append
726	<KEYBOARD>	т	408706	00:06:48	408767	00:06:48	61	204	unknown	645	645					append
727	<KEYBOARD>	SPACE	408894	00:06:48	408968	00:06:48	74	127	unknown	646	646					append
728	<KEYBOARD>	с	409097	00:06:49	409236	00:06:49	139	129	unknown	647	647					append
729	<KEYBOARD>	о	409309	00:06:49	409359	00:06:49	50	73	unknown	648	648					append
730	<KEYBOARD>	б	409759	00:06:49	409843	00:06:49	84	400	unknown	649	649					append
731	<KEYBOARD>	а	410132	00:06:50	410220	00:06:50	88	289	unknown	650	650					append
732	<KEYBOARD>	к	410370	00:06:50	410490	00:06:50	120	150	unknown	651	651					append
733	<KEYBOARD>	SHIFT	412004	00:06:52	413430	00:06:53	1426	1514	unknown	652	652					unknown
734	<KEYBOARD>	Ю	413231	00:06:53	413301	00:06:53	70	1227	unknown	652	652					append
735	<KEYBOARD>	BACK_SPACE	414181	00:06:54	414264	00:06:54	83	880	delete	652	652					delete
736	<KEYBOARD>	SHIFT	417450	00:06:57	418097	00:06:58	647	3186	unknown	652	652					unknown
737	<KEYBOARD>	,	418033	00:06:58	418033	00:06:58	50	50	unknown	652	652					append
738	<KEYBOARD>	SPACE	418374	00:06:58	418463	00:06:58	89	341	between words	653	653					append
739	<KEYBOARD>	л	421422	00:07:01	421458	00:07:01	36	2959	unknown	654	654					append
740	<KEYBOARD>	BACK_SPACE	422932	00:07:02	423024	00:07:03	92	1474	delete	654	654					delete
741	<KEYBOARD>	к	459731	00:07:39	459859	00:07:39	128	36707	unknown	654	654					append
742	<KEYBOARD>	т	459925	00:07:39	460011	00:07:40	86	66	unknown	655	655					append
743	<KEYBOARD>	о	460150	00:07:40	460232	00:07:40	82	139	unknown	656	656					append
744	<KEYBOARD>	-	460598	00:07:40	460640	00:07:40	42	366	unknown	657	657					append
745	<KEYBOARD>	т	460915	00:07:40	460956	00:07:40	41	275	unknown	658	658					append
746	<KEYBOARD>	о	461093	00:07:41	461133	00:07:41	40	137	unknown	659	659					append
747	<KEYBOARD>	SPACE	461286	00:07:41	461352	00:07:41	66	153	unknown	660	660					append
748	<KEYBOARD>	с	461507	00:07:41	461651	00:07:41	144	155	unknown	661	661					append
749	<KEYBOARD>	т	461712	00:07:41	461752	00:07:41	40	61	unknown	662	662					append
750	<KEYBOARD>	BACK_SPACE	462298	00:07:42	462383	00:07:42	85	546	delete	662	662					delete
751	<KEYBOARD>	и	463267	00:07:43	463406	00:07:43	139	884	unknown	662	662					append
752	<KEYBOARD>	BACK_SPACE	464654	00:07:44	464740	00:07:44	86	1248	delete	662	662					delete
753	<KEYBOARD>	BACK_SPACE	464840	00:07:44	464892	00:07:44	52	100	delete	661	661					delete
754	<KEYBOARD>	п	465887	00:07:45	466006	00:07:46	119	995	unknown	661	661					append
755	<KEYBOARD>	о	466177	00:07:46	466256	00:07:46	79	171	unknown	662	662					append
756	<KEYBOARD>	BACK_SPACE	467710	00:07:47	467759	00:07:47	49	1454	delete	662	662					delete
757	<KEYBOARD>	р	468661	00:07:48	468721	00:07:48	60	902	unknown	662	662					append
758	<KEYBOARD>	о	468841	00:07:48	468904	00:07:48	63	120	unknown	663	663					append
759	<KEYBOARD>	с	469266	00:07:49	469406	00:07:49	140	362	unknown	664	664					append
760	<KEYBOARD>	т	469679	00:07:49	469733	00:07:49	54	273	unknown	665	665					append
761	<KEYBOARD>	о	469822	00:07:49	469893	00:07:49	71	89	unknown	666	666					append
762	<KEYBOARD>	SPACE	470023	00:07:50	470122	00:07:50	99	130	unknown	667	667					append
763	<KEYBOARD>	с	470237	00:07:50	470332	00:07:50	95	115	unknown	668	668					append
764	<KEYBOARD>	и	470553	00:07:50	470590	00:07:50	37	221	unknown	669	669					append
765	<KEYBOARD>	д	471456	00:07:51	471517	00:07:51	61	866	unknown	670	670					append
766	<KEYBOARD>	и	471756	00:07:51	471821	00:07:51	65	239	unknown	671	671					append
767	<KEYBOARD>	т	471961	00:07:51	472010	00:07:52	49	140	unknown	672	672					append
768	<KEYBOARD>	SPACE	472127	00:07:52	472239	00:07:52	112	117	unknown	673	673					append
769	<KEYBOARD>	н	472654	00:07:52	472723	00:07:52	69	415	unknown	674	674					append
770	<KEYBOARD>	а	472994	00:07:52	473103	00:07:53	109	271	unknown	675	675					append
771	<KEYBOARD>	SPACE	473172	00:07:53	473242	00:07:53	70	69	unknown	676	676					append
772	<KEYBOARD>	н	473399	00:07:53	473468	00:07:53	69	157	unknown	677	677					append
773	<KEYBOARD>	а	473636	00:07:53	473716	00:07:53	80	168	unknown	678	678					append
774	<KEYBOARD>	л	474352	00:07:54	474444	00:07:54	92	636	unknown	679	679					append
775	<KEYBOARD>	о	475242	00:07:55	475316	00:07:55	74	798	unknown	680	680					append
776	<KEYBOARD>	BACK_SPACE	479201	00:07:59	479269	00:07:59	68	3885	delete	680	680					delete
777	<KEYBOARD>	BACK_SPACE	479381	00:07:59	479451	00:07:59	70	112	delete	679	679					delete
778	<KEYBOARD>	BACK_SPACE	479548	00:07:59	479635	00:07:59	87	97	delete	678	678					delete
779	<KEYBOARD>	BACK_SPACE	479730	00:07:59	479797	00:07:59	67	95	delete	677	677					delete
780	<KEYBOARD>	л	480691	00:08:00	480751	00:08:00	60	894	unknown	677	677					append
781	<KEYBOARD>	о	480907	00:08:00	480963	00:08:00	56	156	unknown	678	678					append
782	<KEYBOARD>	BACK_SPACE	481419	00:08:01	481511	00:08:01	92	456	delete	678	678					delete
783	<KEYBOARD>	а	481660	00:08:01	481712	00:08:01	52	149	unknown	678	678					append
784	<KEYBOARD>	в	481872	00:08:01	481958	00:08:01	86	160	unknown	679	679					append
785	<KEYBOARD>	о	482039	00:08:02	482112	00:08:02	73	81	unknown	680	680					append
786	<KEYBOARD>	с	482283	00:08:02	482303	00:08:02	20	171	unknown	681	681					append
787	<KEYBOARD>	BACK_SPACE	482792	00:08:02	482881	00:08:02	89	489	delete	681	681					delete
788	<KEYBOARD>	ч	482917	00:08:02	483015	00:08:03	98	36	unknown	681	681					append
789	<KEYBOARD>	к	483352	00:08:03	483447	00:08:03	95	337	unknown	682	682					append
790	<KEYBOARD>	е	491367	00:08:11	491431	00:08:11	64	7920	unknown	683	683					append
791	<KEYBOARD>	SPACE	491862	00:08:11	491993	00:08:11	131	431	unknown	684	684					append
792	<KEYBOARD>	и	493161	00:08:13	493221	00:08:13	60	1168	unknown	685	685					append
793	<KEYBOARD>	SPACE	493346	00:08:13	493406	00:08:13	60	125	unknown	686	686					append
794	<KEYBOARD>	о	494595	00:08:14	494616	00:08:14	21	1189	unknown	687	687					append
795	<KEYBOARD>	б	494967	00:08:14	495017	00:08:15	50	351	unknown	688	688					append
796	<KEYBOARD>	щ	495254	00:08:15	495351	00:08:15	97	237	unknown	689	689					append
797	<KEYBOARD>	а	495665	00:08:15	495732	00:08:15	67	314	unknown	690	690					append
798	<KEYBOARD>	е	495969	00:08:15	496033	00:08:16	64	237	unknown	691	691					append
799	<KEYBOARD>	т	496473	00:08:16	496533	00:08:16	60	440	unknown	692	692					append
800	<KEYBOARD>	с	496938	00:08:16	497001	00:08:17	63	405	unknown	693	693					append
801	<KEYBOARD>	я	497136	00:08:17	497215	00:08:17	79	135	unknown	694	694					append
802	<KEYBOARD>	SPACE	497363	00:08:17	497423	00:08:17	60	148	unknown	695	695					append
803	<KEYBOARD>	д	498044	00:08:18	498107	00:08:18	63	621	unknown	696	696					append
804	<KEYBOARD>	ы	498654	00:08:18	498760	00:08:18	106	547	unknown	697	697					append
805	<KEYBOARD>	ш	499419	00:08:19	499482	00:08:19	63	659	unknown	698	698					append
806	<KEYBOARD>	а	499687	00:08:19	499788	00:08:19	101	205	unknown	699	699					append
807	<KEYBOARD>	SPACE	499910	00:08:19	500005	00:08:20	95	122	unknown	700	700					append
808	<KEYBOARD>	с	500096	00:08:20	500198	00:08:20	102	91	unknown	701	701					append
809	<KEYBOARD>	в	500377	00:08:20	500493	00:08:20	116	179	unknown	702	702					append
810	<KEYBOARD>	е	500675	00:08:20	500767	00:08:20	92	182	unknown	703	703					append
811	<KEYBOARD>	ж	501417	00:08:21	501508	00:08:21	91	650	unknown	704	704					append
812	<KEYBOARD>	и	503205	00:08:23	503282	00:08:23	77	1697	unknown	705	705					append
813	<KEYBOARD>	м	503417	00:08:23	503523	00:08:23	106	135	unknown	706	706					append
814	<KEYBOARD>	SPACE	503608	00:08:23	503684	00:08:23	76	85	unknown	707	707					append
815	<KEYBOARD>	в	504044	00:08:24	504169	00:08:24	125	360	unknown	708	708					append
816	<KEYBOARD>	о	504374	00:08:24	504420	00:08:24	46	205	unknown	709	709					append
817	<KEYBOARD>	з	504925	00:08:24	504967	00:08:24	42	505	unknown	710	710					append
818	<KEYBOARD>	ж	505129	00:08:25	505193	00:08:25	64	162	unknown	711	711					append
819	<KEYBOARD>	BACK_SPACE	505881	00:08:25	505942	00:08:25	61	688	delete	711	711					delete
820	<KEYBOARD>	д	506411	00:08:26	506466	00:08:26	55	469	unknown	711	711					append
821	<KEYBOARD>	у	507129	00:08:27	507216	00:08:27	87	663	unknown	712	712					append
822	<KEYBOARD>	х	507533	00:08:27	507584	00:08:27	51	317	unknown	713	713					append
823	<KEYBOARD>	о	507860	00:08:27	507919	00:08:27	59	276	unknown	714	714					append
824	<KEYBOARD>	м	509037	00:08:29	509124	00:08:29	87	1118	unknown	715	715					append
825	<KEYBOARD>	.	510122	00:08:30	510177	00:08:30	55	998	sentence end	716	716					append
826	<KEYBOARD>	SPACE	510421	00:08:30	510485	00:08:30	64	244	between sentence	717	717					append
827	<KEYBOARD>	SHIFT	511356	00:08:31	511705	00:08:31	349	871	unknown	718	718					unknown
828	<KEYBOARD>	Т	511677	00:08:31	511736	00:08:31	59	321	unknown	718	718					append
829	<KEYBOARD>	а	511968	00:08:31	512051	00:08:32	83	232	unknown	719	719					append
830	<KEYBOARD>	к	512195	00:08:32	512276	00:08:32	81	144	unknown	720	720					append
831	<KEYBOARD>	SPACE	512429	00:08:32	512481	00:08:32	52	153	unknown	721	721					append
832	<KEYBOARD>	п	514561	00:08:34	514611	00:08:34	50	2080	unknown	722	722					append
833	<KEYBOARD>	р	514724	00:08:34	514791	00:08:34	67	113	unknown	723	723					append
834	<KEYBOARD>	е	514973	00:08:34	515059	00:08:35	86	182	unknown	724	724					append
835	<KEYBOARD>	к	515201	00:08:35	515284	00:08:35	83	142	unknown	725	725					append
836	<KEYBOARD>	р	515744	00:08:35	515812	00:08:35	68	460	unknown	726	726					append
837	<KEYBOARD>	а	516004	00:08:36	516064	00:08:36	60	192	unknown	727	727					append
838	<KEYBOARD>	с	516233	00:08:36	516345	00:08:36	112	169	unknown	728	728					append
839	<KEYBOARD>	н	516398	00:08:36	516458	00:08:36	60	53	unknown	729	729					append
840	<KEYBOARD>	о	517188	00:08:37	517245	00:08:37	57	730	unknown	730	730					append
841	<KEYBOARD>	SHIFT	517779	00:08:37	518170	00:08:38	391	534	unknown	731	731					unknown
842	<KEYBOARD>	,	518082	00:08:38	518082	00:08:38	50	50	unknown	731	731					append
843	<KEYBOARD>	SPACE	518335	00:08:38	518407	00:08:38	72	253	between words	732	732					append
844	<KEYBOARD>	к	518874	00:08:38	518953	00:08:38	79	467	unknown	733	733					append
845	<KEYBOARD>	о	519015	00:08:39	519073	00:08:39	58	62	unknown	734	734					append
846	<KEYBOARD>	г	519167	00:08:39	519227	00:08:39	60	94	unknown	735	735					append
847	<KEYBOARD>	д	520345	00:08:40	520453	00:08:40	108	1118	unknown	736	736					append
848	<KEYBOARD>	а	520508	00:08:40	520660	00:08:40	152	55	unknown	737	737					append
849	<KEYBOARD>	SPACE	522062	00:08:42	522133	00:08:42	71	1402	unknown	738	738					append
850	<KEYBOARD>	и	523195	00:08:43	523273	00:08:43	78	1062	unknown	739	739					append
851	<KEYBOARD>	з	524633	00:08:44	524681	00:08:44	48	1360	unknown	740	740					append
852	<KEYBOARD>	SPACE	524930	00:08:44	524990	00:08:44	60	249	unknown	741	741					append
853	<KEYBOARD>	о	525177	00:08:45	525235	00:08:45	58	187	unknown	742	742					append
854	<KEYBOARD>	к	525518	00:08:45	525596	00:08:45	78	283	unknown	743	743					append
855	<KEYBOARD>	н	525759	00:08:45	525827	00:08:45	68	163	unknown	744	744					append
856	<KEYBOARD>	а	526003	00:08:46	526104	00:08:46	101	176	unknown	745	745					append
857	<KEYBOARD>	SPACE	526202	00:08:46	526269	00:08:46	67	98	unknown	746	746					append
858	<KEYBOARD>	о	526626	00:08:46	526682	00:08:46	56	357	unknown	747	747					append
859	<KEYBOARD>	т	526817	00:08:46	526896	00:08:46	79	135	unknown	748	748					append
860	<KEYBOARD>	к	527168	00:08:47	527242	00:08:47	74	272	unknown	749	749					append
861	<KEYBOARD>	р	527428	00:08:47	527499	00:08:47	71	186	unknown	750	750					append
862	<KEYBOARD>	ы	528210	00:08:48	528286	00:08:48	76	711	unknown	751	751					append
863	<KEYBOARD>	в	528452	00:08:48	528527	00:08:48	75	166	unknown	752	752					append
864	<KEYBOARD>	а	528682	00:08:48	528784	00:08:48	102	155	unknown	753	753					append
865	<KEYBOARD>	е	528958	00:08:48	529037	00:08:49	79	174	unknown	754	754					append
866	<KEYBOARD>	т	529281	00:08:49	529332	00:08:49	51	244	unknown	755	755					append
867	<KEYBOARD>	с	530733	00:08:50	530825	00:08:50	92	1401	unknown	756	756					append
868	<KEYBOARD>	я	530994	00:08:50	531096	00:08:51	102	169	unknown	757	757					append
869	<KEYBOARD>	SPACE	531197	00:08:51	531268	00:08:51	71	101	unknown	758	758					append
870	<KEYBOARD>	з	532235	00:08:52	532283	00:08:52	48	967	unknown	759	759					append
871	<KEYBOARD>	п	532540	00:08:52	532595	00:08:52	55	257	unknown	760	760					append
872	<KEYBOARD>	BACK_SPACE	533060	00:08:53	533143	00:08:53	83	465	delete	760	760					delete
873	<KEYBOARD>	а	533207	00:08:53	533310	00:08:53	103	64	unknown	760	760					append
874	<KEYBOARD>	в	533861	00:08:53	533947	00:08:53	86	551	unknown	761	761					append
875	<KEYBOARD>	о	534197	00:08:54	534253	00:08:54	56	250	unknown	762	762					append
876	<KEYBOARD>	р	534397	00:08:54	534457	00:08:54	60	144	unknown	763	763					append
877	<KEYBOARD>	а	534780	00:08:54	534872	00:08:54	92	323	unknown	764	764					append
878	<KEYBOARD>	ж	535505	00:08:55	535559	00:08:55	54	633	unknown	765	765					append
879	<KEYBOARD>	и	536705	00:08:56	536779	00:08:56	74	1146	unknown	766	766					append
880	<KEYBOARD>	в	537101	00:08:57	537110	00:08:57	9	322	unknown	767	767					append
881	<KEYBOARD>	а	537295	00:08:57	537378	00:08:57	83	185	unknown	768	768					append
882	<KEYBOARD>	ю	537903	00:08:57	537970	00:08:57	67	525	unknown	769	769					append
883	<KEYBOARD>	щ	538969	00:08:58	539034	00:08:59	65	999	unknown	770	770					append
884	<KEYBOARD>	и	540795	00:09:00	540881	00:09:00	86	1761	unknown	771	771					append
885	<KEYBOARD>	й	541505	00:09:01	541592	00:09:01	87	624	unknown	772	772					append
886	<KEYBOARD>	SPACE	541709	00:09:01	541776	00:09:01	67	117	unknown	773	773					append
887	<KEYBOARD>	в	541955	00:09:01	542020	00:09:02	65	179	unknown	774	774					append
888	<KEYBOARD>	т	542216	00:09:02	542252	00:09:02	36	196	unknown	775	775					append
889	<KEYBOARD>	BACK_SPACE	542895	00:09:02	542986	00:09:02	91	643	delete	775	775					delete
890	<KEYBOARD>	и	543077	00:09:03	543183	00:09:03	106	91	unknown	775	775					append
891	<KEYBOARD>	д	543354	00:09:03	543412	00:09:03	58	171	unknown	776	776					append
892	<KEYBOARD>	.	544212	00:09:04	544256	00:09:04	44	800	sentence end	777	777					append
